cl : command line warning D9002: ignoring unknown option '-pendantic'
  main.cpp
C:\Program Files (x86)\Microsoft Visual Studio\2019\Community\VC\Tools\MSVC\14.28.29333\include\limits.h(70,5): warning C4668: '__STDC_WANT_SECURE_LIB__' is not defined as a preprocessor macro, replacing with '0' for '#if/#elif'
C:\Program Files (x86)\Windows Kits\10\Include\10.0.18362.0\ucrt\time.h(36,1): warning C4820: '_timespec64': '4' bytes padding added after data member '_timespec64::tv_nsec'
C:\Program Files (x86)\Windows Kits\10\Include\10.0.18362.0\ucrt\time.h(43,5): warning C4820: 'timespec': '4' bytes padding added after data member 'timespec::tv_nsec'
C:\Users\Tony\Dropbox\Libraries & Includes\Includes\SFML\System\FileInputStream.hpp(130,1): warning C4625: 'sf::FileInputStream': copy constructor was implicitly defined as deleted
C:\Users\Tony\Dropbox\Libraries & Includes\Includes\SFML\System\FileInputStream.hpp(130,1): warning C4626: 'sf::FileInputStream': assignment operator was implicitly defined as deleted
C:\Users\Tony\Dropbox\Libraries & Includes\Includes\SFML\System\Lock.hpp(71,1): warning C4625: 'sf::Lock': copy constructor was implicitly defined as deleted
C:\Users\Tony\Dropbox\Libraries & Includes\Includes\SFML\System\Lock.hpp(71,1): warning C4626: 'sf::Lock': assignment operator was implicitly defined as deleted
C:\Users\Tony\Dropbox\Libraries & Includes\Includes\SFML\System\Mutex.hpp(89,1): warning C4625: 'sf::Mutex': copy constructor was implicitly defined as deleted
C:\Users\Tony\Dropbox\Libraries & Includes\Includes\SFML\System\Mutex.hpp(89,1): warning C4626: 'sf::Mutex': assignment operator was implicitly defined as deleted
C:\Users\Tony\Dropbox\Libraries & Includes\Includes\SFML\System\Thread.hpp(191,1): warning C4625: 'sf::Thread': copy constructor was implicitly defined as deleted
C:\Users\Tony\Dropbox\Libraries & Includes\Includes\SFML\System\Thread.hpp(191,1): warning C4626: 'sf::Thread': assignment operator was implicitly defined as deleted
C:\Users\Tony\Dropbox\Libraries & Includes\Includes\SFML\System\ThreadLocal.hpp(87,1): warning C4625: 'sf::ThreadLocal': copy constructor was implicitly defined as deleted
C:\Users\Tony\Dropbox\Libraries & Includes\Includes\SFML\System\ThreadLocal.hpp(87,1): warning C4626: 'sf::ThreadLocal': assignment operator was implicitly defined as deleted
C:\Users\Tony\Dropbox\Libraries & Includes\Includes\SFML\Window\GlResource.hpp(93,5): warning C4625: 'sf::GlResource::TransientContextLock': copy constructor was implicitly defined as deleted
C:\Users\Tony\Dropbox\Libraries & Includes\Includes\SFML\Window\GlResource.hpp(93,5): warning C4626: 'sf::GlResource::TransientContextLock': assignment operator was implicitly defined as deleted
C:\Users\Tony\Dropbox\Libraries & Includes\Includes\SFML\Window\ContextSettings.hpp(83,1): warning C4820: 'sf::ContextSettings': '3' bytes padding added after data member 'sf::ContextSettings::sRgbCapable'
C:\Users\Tony\Dropbox\Libraries & Includes\Includes\SFML\Window\Context.hpp(153,31): warning C4820: 'sf::Context': '3' bytes padding added after base class 'sf::NonCopyable'
C:\Users\Tony\Dropbox\Libraries & Includes\Includes\SFML\Window\Context.hpp(154,1): warning C4625: 'sf::Context': copy constructor was implicitly defined as deleted
C:\Users\Tony\Dropbox\Libraries & Includes\Includes\SFML\Window\Context.hpp(154,1): warning C4626: 'sf::Context': assignment operator was implicitly defined as deleted
C:\Users\Tony\Dropbox\Libraries & Includes\Includes\SFML\Window\Cursor.hpp(183,1): warning C4625: 'sf::Cursor': copy constructor was implicitly defined as deleted
C:\Users\Tony\Dropbox\Libraries & Includes\Includes\SFML\Window\Cursor.hpp(183,1): warning C4626: 'sf::Cursor': assignment operator was implicitly defined as deleted
C:\Users\Tony\Dropbox\Libraries & Includes\Includes\SFML\Window\Window.hpp(545,29): warning C4820: 'sf::Window': '3' bytes padding added after base class 'sf::NonCopyable'
C:\Users\Tony\Dropbox\Libraries & Includes\Includes\SFML\Window\Window.hpp(547,30): warning C4820: 'sf::Window': '4' bytes padding added after data member 'sf::Window::m_context'
C:\Users\Tony\Dropbox\Libraries & Includes\Includes\SFML\Window\Window.hpp(550,1): warning C4625: 'sf::Window': copy constructor was implicitly defined as deleted
C:\Users\Tony\Dropbox\Libraries & Includes\Includes\SFML\Window\Window.hpp(550,1): warning C4626: 'sf::Window': assignment operator was implicitly defined as deleted
C:\Users\Tony\Dropbox\Libraries & Includes\Includes\SFML\Graphics\Transformable.hpp(325,41): warning C4820: 'sf::Transformable': '3' bytes padding added after data member 'sf::Transformable::m_transformNeedUpdate'
C:\Users\Tony\Dropbox\Libraries & Includes\Includes\SFML\Graphics\Transformable.hpp(327,1): warning C4820: 'sf::Transformable': '3' bytes padding added after data member 'sf::Transformable::m_inverseTransformNeedUpdate'
C:\Users\Tony\Dropbox\Libraries & Includes\Includes\SFML\Graphics\Texture.hpp(628,27): warning C4820: 'sf::Texture': '6' bytes padding added after data member 'sf::Texture::m_hasMipmap'
C:\Users\Tony\Dropbox\Libraries & Includes\Includes\SFML\Graphics\View.hpp(280,1): warning C4820: 'sf::View': '2' bytes padding added after data member 'sf::View::m_invTransformUpdated'
C:\Users\Tony\Dropbox\Libraries & Includes\Includes\SFML\Graphics\RenderTarget.hpp(464,32): warning C4820: 'sf::RenderTarget::StatesCache': '1' bytes padding added after data member 'sf::RenderTarget::StatesCache::viewChanged'
C:\Users\Tony\Dropbox\Libraries & Includes\Includes\SFML\Graphics\RenderTarget.hpp(465,32): warning C4820: 'sf::RenderTarget::StatesCache': '4' bytes padding added after data member 'sf::RenderTarget::StatesCache::lastBlendMode'
C:\Users\Tony\Dropbox\Libraries & Includes\Includes\SFML\Graphics\RenderTarget.hpp(468,47): warning C4820: 'sf::RenderTarget::StatesCache': '2' bytes padding added after data member 'sf::RenderTarget::StatesCache::useVertexCache'
C:\Users\Tony\Dropbox\Libraries & Includes\Includes\SFML\Graphics\RenderTarget.hpp(469,5): warning C4820: 'sf::RenderTarget::StatesCache': '4' bytes padding added after data member 'sf::RenderTarget::StatesCache::vertexCache'
C:\Users\Tony\Dropbox\Libraries & Includes\Includes\SFML\Graphics\RenderTarget.hpp(478,1): warning C4625: 'sf::RenderTarget': copy constructor was implicitly defined as deleted
C:\Users\Tony\Dropbox\Libraries & Includes\Includes\SFML\Graphics\RenderTarget.hpp(478,1): warning C4626: 'sf::RenderTarget': assignment operator was implicitly defined as deleted
C:\Users\Tony\Dropbox\Libraries & Includes\Includes\SFML\Graphics\RenderTexture.hpp(242,39): warning C4820: 'sf::RenderTexture': '4' bytes padding added after data member 'sf::RenderTexture::m_impl'
C:\Users\Tony\Dropbox\Libraries & Includes\Includes\SFML\Graphics\RenderTexture.hpp(243,1): warning C4625: 'sf::RenderTexture': copy constructor was implicitly defined as deleted
C:\Users\Tony\Dropbox\Libraries & Includes\Includes\SFML\Graphics\RenderTexture.hpp(243,1): warning C4626: 'sf::RenderTexture': assignment operator was implicitly defined as deleted
C:\Users\Tony\Dropbox\Libraries & Includes\Includes\SFML\Graphics\RenderWindow.hpp(180,1): warning C4625: 'sf::RenderWindow': copy constructor was implicitly defined as deleted
C:\Users\Tony\Dropbox\Libraries & Includes\Includes\SFML\Graphics\RenderWindow.hpp(180,1): warning C4626: 'sf::RenderWindow': assignment operator was implicitly defined as deleted
C:\Users\Tony\Dropbox\Libraries & Includes\Includes\SFML\Graphics\Shader.hpp(748,33): warning C4820: 'sf::Shader': '3' bytes padding added after base class 'sf::NonCopyable'
C:\Users\Tony\Dropbox\Libraries & Includes\Includes\SFML\Graphics\Shader.hpp(752,1): warning C4625: 'sf::Shader': copy constructor was implicitly defined as deleted
C:\Users\Tony\Dropbox\Libraries & Includes\Includes\SFML\Graphics\Shader.hpp(752,1): warning C4626: 'sf::Shader': assignment operator was implicitly defined as deleted
C:\Users\Tony\Dropbox\Libraries & Includes\Includes\SFML\Graphics\Text.hpp(451,40): warning C4820: 'sf::Text': '3' bytes padding added after data member 'sf::Text::m_geometryNeedUpdate'
C:\Users\Tony\Documents\GitHub\box\College\Computing 4 Assignments\ps0\PS0\main.cpp(66,74): warning C5219: implicit conversion from 'T' to 'T', possible loss of data
          with
          [
              T=unsigned int
          ]
          and
          [
              T=float
          ]
C:\Users\Tony\Documents\GitHub\box\College\Computing 4 Assignments\ps0\PS0\main.cpp(71,74): warning C5219: implicit conversion from 'T' to 'T', possible loss of data
          with
          [
              T=unsigned int
          ]
          and
          [
              T=float
          ]
C:\Users\Tony\Documents\GitHub\box\College\Computing 4 Assignments\ps0\PS0\main.cpp(93,81): warning C5219: implicit conversion from 'T' to 'T', possible loss of data
          with
          [
              T=unsigned int
          ]
          and
          [
              T=float
          ]
C:\Users\Tony\Documents\GitHub\box\College\Computing 4 Assignments\ps0\PS0\main.cpp(98,82): warning C5219: implicit conversion from 'T' to 'T', possible loss of data
          with
          [
              T=unsigned int
          ]
          and
          [
              T=float
          ]
C:\Program Files (x86)\Windows Kits\10\Include\10.0.18362.0\ucrt\corecrt_math.h(290,31): warning C4514: 'fpclassify': unreferenced inline function has been removed
C:\Program Files (x86)\Windows Kits\10\Include\10.0.18362.0\ucrt\corecrt_math.h(295,31): warning C4514: 'fpclassify': unreferenced inline function has been removed
C:\Program Files (x86)\Windows Kits\10\Include\10.0.18362.0\ucrt\corecrt_math.h(300,31): warning C4514: 'fpclassify': unreferenced inline function has been removed
C:\Program Files (x86)\Windows Kits\10\Include\10.0.18362.0\ucrt\corecrt_math.h(305,32): warning C4514: 'signbit': unreferenced inline function has been removed
C:\Program Files (x86)\Windows Kits\10\Include\10.0.18362.0\ucrt\corecrt_math.h(310,32): warning C4514: 'signbit': unreferenced inline function has been removed
C:\Program Files (x86)\Windows Kits\10\Include\10.0.18362.0\ucrt\corecrt_math.h(315,32): warning C4514: 'signbit': unreferenced inline function has been removed
C:\Program Files (x86)\Windows Kits\10\Include\10.0.18362.0\ucrt\corecrt_math.h(320,31): warning C4514: '_fpcomp': unreferenced inline function has been removed
C:\Program Files (x86)\Windows Kits\10\Include\10.0.18362.0\ucrt\corecrt_math.h(325,31): warning C4514: '_fpcomp': unreferenced inline function has been removed
C:\Program Files (x86)\Windows Kits\10\Include\10.0.18362.0\ucrt\corecrt_math.h(330,31): warning C4514: '_fpcomp': unreferenced inline function has been removed
C:\Program Files (x86)\Windows Kits\10\Include\10.0.18362.0\ucrt\corecrt_math.h(808,51): warning C4514: '_chgsignl': unreferenced inline function has been removed
C:\Program Files (x86)\Windows Kits\10\Include\10.0.18362.0\ucrt\corecrt_math.h(815,51): warning C4514: '_copysignl': unreferenced inline function has been removed
C:\Program Files (x86)\Windows Kits\10\Include\10.0.18362.0\ucrt\corecrt_math.h(869,51): warning C4514: '_hypotl': unreferenced inline function has been removed
C:\Program Files (x86)\Windows Kits\10\Include\10.0.18362.0\ucrt\stdlib.h(359,17): warning C4514: 'abs': unreferenced inline function has been removed
C:\Program Files (x86)\Windows Kits\10\Include\10.0.18362.0\ucrt\stdlib.h(364,22): warning C4514: 'abs': unreferenced inline function has been removed
C:\Program Files (x86)\Windows Kits\10\Include\10.0.18362.0\ucrt\stdlib.h(369,19): warning C4514: 'div': unreferenced inline function has been removed
C:\Program Files (x86)\Windows Kits\10\Include\10.0.18362.0\ucrt\stdlib.h(374,20): warning C4514: 'div': unreferenced inline function has been removed
C:\Program Files (x86)\Windows Kits\10\Include\10.0.18362.0\ucrt\corecrt_wstdio.h(311,37): warning C4514: 'vfwprintf': unreferenced inline function has been removed
C:\Program Files (x86)\Windows Kits\10\Include\10.0.18362.0\ucrt\corecrt_wstdio.h(342,41): warning C4514: 'vfwprintf_s': unreferenced inline function has been removed
C:\Program Files (x86)\Windows Kits\10\Include\10.0.18362.0\ucrt\corecrt_wstdio.h(373,37): warning C4514: '_vfwprintf_p': unreferenced inline function has been removed
C:\Program Files (x86)\Windows Kits\10\Include\10.0.18362.0\ucrt\corecrt_wstdio.h(387,37): warning C4514: '_vwprintf_l': unreferenced inline function has been removed
C:\Program Files (x86)\Windows Kits\10\Include\10.0.18362.0\ucrt\corecrt_wstdio.h(401,37): warning C4514: 'vwprintf': unreferenced inline function has been removed
C:\Program Files (x86)\Windows Kits\10\Include\10.0.18362.0\ucrt\corecrt_wstdio.h(414,37): warning C4514: '_vwprintf_s_l': unreferenced inline function has been removed
C:\Program Files (x86)\Windows Kits\10\Include\10.0.18362.0\ucrt\corecrt_wstdio.h(430,41): warning C4514: 'vwprintf_s': unreferenced inline function has been removed
C:\Program Files (x86)\Windows Kits\10\Include\10.0.18362.0\ucrt\corecrt_wstdio.h(445,37): warning C4514: '_vwprintf_p_l': unreferenced inline function has been removed
C:\Program Files (x86)\Windows Kits\10\Include\10.0.18362.0\ucrt\corecrt_wstdio.h(459,37): warning C4514: '_vwprintf_p': unreferenced inline function has been removed
C:\Program Files (x86)\Windows Kits\10\Include\10.0.18362.0\ucrt\corecrt_wstdio.h(472,37): warning C4514: '_fwprintf_l': unreferenced inline function has been removed
C:\Program Files (x86)\Windows Kits\10\Include\10.0.18362.0\ucrt\corecrt_wstdio.h(491,37): warning C4514: 'fwprintf': unreferenced inline function has been removed
C:\Program Files (x86)\Windows Kits\10\Include\10.0.18362.0\ucrt\corecrt_wstdio.h(509,37): warning C4514: '_fwprintf_s_l': unreferenced inline function has been removed
C:\Program Files (x86)\Windows Kits\10\Include\10.0.18362.0\ucrt\corecrt_wstdio.h(530,41): warning C4514: 'fwprintf_s': unreferenced inline function has been removed
C:\Program Files (x86)\Windows Kits\10\Include\10.0.18362.0\ucrt\corecrt_wstdio.h(550,37): warning C4514: '_fwprintf_p_l': unreferenced inline function has been removed
C:\Program Files (x86)\Windows Kits\10\Include\10.0.18362.0\ucrt\corecrt_wstdio.h(569,37): warning C4514: '_fwprintf_p': unreferenced inline function has been removed
C:\Program Files (x86)\Windows Kits\10\Include\10.0.18362.0\ucrt\corecrt_wstdio.h(587,37): warning C4514: '_wprintf_l': unreferenced inline function has been removed
C:\Program Files (x86)\Windows Kits\10\Include\10.0.18362.0\ucrt\corecrt_wstdio.h(605,37): warning C4514: 'wprintf': unreferenced inline function has been removed
C:\Program Files (x86)\Windows Kits\10\Include\10.0.18362.0\ucrt\corecrt_wstdio.h(622,37): warning C4514: '_wprintf_s_l': unreferenced inline function has been removed
C:\Program Files (x86)\Windows Kits\10\Include\10.0.18362.0\ucrt\corecrt_wstdio.h(642,41): warning C4514: 'wprintf_s': unreferenced inline function has been removed
C:\Program Files (x86)\Windows Kits\10\Include\10.0.18362.0\ucrt\corecrt_wstdio.h(661,37): warning C4514: '_wprintf_p_l': unreferenced inline function has been removed
C:\Program Files (x86)\Windows Kits\10\Include\10.0.18362.0\ucrt\corecrt_wstdio.h(679,37): warning C4514: '_wprintf_p': unreferenced inline function has been removed
C:\Program Files (x86)\Windows Kits\10\Include\10.0.18362.0\ucrt\corecrt_wstdio.h(728,37): warning C4514: 'vfwscanf': unreferenced inline function has been removed
C:\Program Files (x86)\Windows Kits\10\Include\10.0.18362.0\ucrt\corecrt_wstdio.h(761,41): warning C4514: 'vfwscanf_s': unreferenced inline function has been removed
C:\Program Files (x86)\Windows Kits\10\Include\10.0.18362.0\ucrt\corecrt_wstdio.h(776,37): warning C4514: '_vwscanf_l': unreferenced inline function has been removed
C:\Program Files (x86)\Windows Kits\10\Include\10.0.18362.0\ucrt\corecrt_wstdio.h(790,37): warning C4514: 'vwscanf': unreferenced inline function has been removed
C:\Program Files (x86)\Windows Kits\10\Include\10.0.18362.0\ucrt\corecrt_wstdio.h(803,37): warning C4514: '_vwscanf_s_l': unreferenced inline function has been removed
C:\Program Files (x86)\Windows Kits\10\Include\10.0.18362.0\ucrt\corecrt_wstdio.h(819,41): warning C4514: 'vwscanf_s': unreferenced inline function has been removed
C:\Program Files (x86)\Windows Kits\10\Include\10.0.18362.0\ucrt\corecrt_wstdio.h(834,37): warning C4514: '_fwscanf_l': unreferenced inline function has been removed
C:\Program Files (x86)\Windows Kits\10\Include\10.0.18362.0\ucrt\corecrt_wstdio.h(853,37): warning C4514: 'fwscanf': unreferenced inline function has been removed
C:\Program Files (x86)\Windows Kits\10\Include\10.0.18362.0\ucrt\corecrt_wstdio.h(871,37): warning C4514: '_fwscanf_s_l': unreferenced inline function has been removed
C:\Program Files (x86)\Windows Kits\10\Include\10.0.18362.0\ucrt\corecrt_wstdio.h(892,41): warning C4514: 'fwscanf_s': unreferenced inline function has been removed
C:\Program Files (x86)\Windows Kits\10\Include\10.0.18362.0\ucrt\corecrt_wstdio.h(912,37): warning C4514: '_wscanf_l': unreferenced inline function has been removed
C:\Program Files (x86)\Windows Kits\10\Include\10.0.18362.0\ucrt\corecrt_wstdio.h(930,37): warning C4514: 'wscanf': unreferenced inline function has been removed
C:\Program Files (x86)\Windows Kits\10\Include\10.0.18362.0\ucrt\corecrt_wstdio.h(947,37): warning C4514: '_wscanf_s_l': unreferenced inline function has been removed
C:\Program Files (x86)\Windows Kits\10\Include\10.0.18362.0\ucrt\corecrt_wstdio.h(967,41): warning C4514: 'wscanf_s': unreferenced inline function has been removed
C:\Program Files (x86)\Windows Kits\10\Include\10.0.18362.0\ucrt\corecrt_wstdio.h(1094,37): warning C4514: '_vsnwprintf_s': unreferenced inline function has been removed
C:\Program Files (x86)\Windows Kits\10\Include\10.0.18362.0\ucrt\corecrt_wstdio.h(1122,37): warning C4514: '_vsnwprintf': unreferenced inline function has been removed
C:\Program Files (x86)\Windows Kits\10\Include\10.0.18362.0\ucrt\corecrt_wstdio.h(1171,37): warning C4514: '_vswprintf_c': unreferenced inline function has been removed
C:\Program Files (x86)\Windows Kits\10\Include\10.0.18362.0\ucrt\corecrt_wstdio.h(1223,37): warning C4514: '_vswprintf': unreferenced inline function has been removed
C:\Program Files (x86)\Windows Kits\10\Include\10.0.18362.0\ucrt\corecrt_wstdio.h(1276,41): warning C4514: 'vswprintf_s': unreferenced inline function has been removed
C:\Program Files (x86)\Windows Kits\10\Include\10.0.18362.0\ucrt\corecrt_wstdio.h(1323,37): warning C4514: '_vswprintf_p': unreferenced inline function has been removed
C:\Program Files (x86)\Windows Kits\10\Include\10.0.18362.0\ucrt\corecrt_wstdio.h(1358,37): warning C4514: '_vscwprintf': unreferenced inline function has been removed
C:\Program Files (x86)\Windows Kits\10\Include\10.0.18362.0\ucrt\corecrt_wstdio.h(1391,37): warning C4514: '_vscwprintf_p': unreferenced inline function has been removed
C:\Program Files (x86)\Windows Kits\10\Include\10.0.18362.0\ucrt\corecrt_wstdio.h(1405,37): warning C4514: '__swprintf_l': unreferenced inline function has been removed
C:\Program Files (x86)\Windows Kits\10\Include\10.0.18362.0\ucrt\corecrt_wstdio.h(1425,37): warning C4514: '_swprintf_l': unreferenced inline function has been removed
C:\Program Files (x86)\Windows Kits\10\Include\10.0.18362.0\ucrt\corecrt_wstdio.h(1446,37): warning C4514: '_swprintf': unreferenced inline function has been removed
C:\Program Files (x86)\Windows Kits\10\Include\10.0.18362.0\ucrt\corecrt_wstdio.h(1465,37): warning C4514: 'swprintf': unreferenced inline function has been removed
C:\Program Files (x86)\Windows Kits\10\Include\10.0.18362.0\ucrt\corecrt_wstdio.h(1508,37): warning C4514: '_swprintf_s_l': unreferenced inline function has been removed
C:\Program Files (x86)\Windows Kits\10\Include\10.0.18362.0\ucrt\corecrt_wstdio.h(1530,41): warning C4710: 'int swprintf_s(wchar_t *const ,const size_t,const wchar_t *const ,...)': function not inlined
C:\Program Files (x86)\Windows Kits\10\Include\10.0.18362.0\ucrt\corecrt_wstdio.h(1530): message : see declaration of 'swprintf_s'
C:\Program Files (x86)\Windows Kits\10\Include\10.0.18362.0\ucrt\corecrt_wstdio.h(1559,37): warning C4514: '_swprintf_p_l': unreferenced inline function has been removed
C:\Program Files (x86)\Windows Kits\10\Include\10.0.18362.0\ucrt\corecrt_wstdio.h(1580,37): warning C4514: '_swprintf_p': unreferenced inline function has been removed
C:\Program Files (x86)\Windows Kits\10\Include\10.0.18362.0\ucrt\corecrt_wstdio.h(1600,37): warning C4514: '_swprintf_c_l': unreferenced inline function has been removed
C:\Program Files (x86)\Windows Kits\10\Include\10.0.18362.0\ucrt\corecrt_wstdio.h(1621,37): warning C4514: '_swprintf_c': unreferenced inline function has been removed
C:\Program Files (x86)\Windows Kits\10\Include\10.0.18362.0\ucrt\corecrt_wstdio.h(1641,37): warning C4514: '_snwprintf_l': unreferenced inline function has been removed
C:\Program Files (x86)\Windows Kits\10\Include\10.0.18362.0\ucrt\corecrt_wstdio.h(1667,37): warning C4514: '_snwprintf': unreferenced inline function has been removed
C:\Program Files (x86)\Windows Kits\10\Include\10.0.18362.0\ucrt\corecrt_wstdio.h(1692,37): warning C4514: '_snwprintf_s_l': unreferenced inline function has been removed
C:\Program Files (x86)\Windows Kits\10\Include\10.0.18362.0\ucrt\corecrt_wstdio.h(1714,37): warning C4514: '_snwprintf_s': unreferenced inline function has been removed
C:\Program Files (x86)\Windows Kits\10\Include\10.0.18362.0\ucrt\corecrt_wstdio.h(1742,37): warning C4514: '_scwprintf_l': unreferenced inline function has been removed
C:\Program Files (x86)\Windows Kits\10\Include\10.0.18362.0\ucrt\corecrt_wstdio.h(1761,37): warning C4710: 'int _scwprintf(const wchar_t *const ,...)': function not inlined
C:\Program Files (x86)\Windows Kits\10\Include\10.0.18362.0\ucrt\corecrt_wstdio.h(1761): message : see declaration of '_scwprintf'
C:\Program Files (x86)\Windows Kits\10\Include\10.0.18362.0\ucrt\corecrt_wstdio.h(1779,37): warning C4514: '_scwprintf_p_l': unreferenced inline function has been removed
C:\Program Files (x86)\Windows Kits\10\Include\10.0.18362.0\ucrt\corecrt_wstdio.h(1798,37): warning C4514: '_scwprintf_p': unreferenced inline function has been removed
C:\Program Files (x86)\Windows Kits\10\Include\10.0.18362.0\ucrt\corecrt_wstdio.h(1822,24): warning C4514: 'swprintf': unreferenced inline function has been removed
C:\Program Files (x86)\Windows Kits\10\Include\10.0.18362.0\ucrt\corecrt_wstdio.h(1837,34): warning C4514: 'vswprintf': unreferenced inline function has been removed
C:\Program Files (x86)\Windows Kits\10\Include\10.0.18362.0\ucrt\corecrt_wstdio.h(1848,24): warning C4514: '_swprintf_l': unreferenced inline function has been removed
C:\Program Files (x86)\Windows Kits\10\Include\10.0.18362.0\ucrt\corecrt_wstdio.h(1863,34): warning C4514: '_vswprintf_l': unreferenced inline function has been removed
C:\Program Files (x86)\Windows Kits\10\Include\10.0.18362.0\ucrt\corecrt_wstdio.h(1921,37): warning C4514: 'vswscanf': unreferenced inline function has been removed
C:\Program Files (x86)\Windows Kits\10\Include\10.0.18362.0\ucrt\corecrt_wstdio.h(1956,41): warning C4514: 'vswscanf_s': unreferenced inline function has been removed
C:\Program Files (x86)\Windows Kits\10\Include\10.0.18362.0\ucrt\corecrt_wstdio.h(2019,37): warning C4514: '_swscanf_l': unreferenced inline function has been removed
C:\Program Files (x86)\Windows Kits\10\Include\10.0.18362.0\ucrt\corecrt_wstdio.h(2039,37): warning C4514: 'swscanf': unreferenced inline function has been removed
C:\Program Files (x86)\Windows Kits\10\Include\10.0.18362.0\ucrt\corecrt_wstdio.h(2058,37): warning C4514: '_swscanf_s_l': unreferenced inline function has been removed
C:\Program Files (x86)\Windows Kits\10\Include\10.0.18362.0\ucrt\corecrt_wstdio.h(2080,41): warning C4514: 'swscanf_s': unreferenced inline function has been removed
C:\Program Files (x86)\Windows Kits\10\Include\10.0.18362.0\ucrt\corecrt_wstdio.h(2101,37): warning C4514: '_snwscanf_l': unreferenced inline function has been removed
C:\Program Files (x86)\Windows Kits\10\Include\10.0.18362.0\ucrt\corecrt_wstdio.h(2127,37): warning C4514: '_snwscanf': unreferenced inline function has been removed
C:\Program Files (x86)\Windows Kits\10\Include\10.0.18362.0\ucrt\corecrt_wstdio.h(2152,37): warning C4514: '_snwscanf_s_l': unreferenced inline function has been removed
C:\Program Files (x86)\Windows Kits\10\Include\10.0.18362.0\ucrt\corecrt_wstdio.h(2173,37): warning C4514: '_snwscanf_s': unreferenced inline function has been removed
C:\Program Files (x86)\Windows Kits\10\Include\10.0.18362.0\ucrt\stdio.h(648,37): warning C4514: 'vfprintf': unreferenced inline function has been removed
C:\Program Files (x86)\Windows Kits\10\Include\10.0.18362.0\ucrt\stdio.h(679,41): warning C4514: 'vfprintf_s': unreferenced inline function has been removed
C:\Program Files (x86)\Windows Kits\10\Include\10.0.18362.0\ucrt\stdio.h(710,37): warning C4514: '_vfprintf_p': unreferenced inline function has been removed
C:\Program Files (x86)\Windows Kits\10\Include\10.0.18362.0\ucrt\stdio.h(724,37): warning C4514: '_vprintf_l': unreferenced inline function has been removed
C:\Program Files (x86)\Windows Kits\10\Include\10.0.18362.0\ucrt\stdio.h(738,37): warning C4514: 'vprintf': unreferenced inline function has been removed
C:\Program Files (x86)\Windows Kits\10\Include\10.0.18362.0\ucrt\stdio.h(751,37): warning C4514: '_vprintf_s_l': unreferenced inline function has been removed
C:\Program Files (x86)\Windows Kits\10\Include\10.0.18362.0\ucrt\stdio.h(767,41): warning C4514: 'vprintf_s': unreferenced inline function has been removed
C:\Program Files (x86)\Windows Kits\10\Include\10.0.18362.0\ucrt\stdio.h(782,37): warning C4514: '_vprintf_p_l': unreferenced inline function has been removed
C:\Program Files (x86)\Windows Kits\10\Include\10.0.18362.0\ucrt\stdio.h(796,37): warning C4514: '_vprintf_p': unreferenced inline function has been removed
C:\Program Files (x86)\Windows Kits\10\Include\10.0.18362.0\ucrt\stdio.h(809,37): warning C4514: '_fprintf_l': unreferenced inline function has been removed
C:\Program Files (x86)\Windows Kits\10\Include\10.0.18362.0\ucrt\stdio.h(828,37): warning C4514: 'fprintf': unreferenced inline function has been removed
C:\Program Files (x86)\Windows Kits\10\Include\10.0.18362.0\ucrt\stdio.h(852,37): warning C4514: '_fprintf_s_l': unreferenced inline function has been removed
C:\Program Files (x86)\Windows Kits\10\Include\10.0.18362.0\ucrt\stdio.h(873,41): warning C4514: 'fprintf_s': unreferenced inline function has been removed
C:\Program Files (x86)\Windows Kits\10\Include\10.0.18362.0\ucrt\stdio.h(893,37): warning C4514: '_fprintf_p_l': unreferenced inline function has been removed
C:\Program Files (x86)\Windows Kits\10\Include\10.0.18362.0\ucrt\stdio.h(912,37): warning C4514: '_fprintf_p': unreferenced inline function has been removed
C:\Program Files (x86)\Windows Kits\10\Include\10.0.18362.0\ucrt\stdio.h(930,37): warning C4514: '_printf_l': unreferenced inline function has been removed
C:\Program Files (x86)\Windows Kits\10\Include\10.0.18362.0\ucrt\stdio.h(948,37): warning C4514: 'printf': unreferenced inline function has been removed
C:\Program Files (x86)\Windows Kits\10\Include\10.0.18362.0\ucrt\stdio.h(965,37): warning C4514: '_printf_s_l': unreferenced inline function has been removed
C:\Program Files (x86)\Windows Kits\10\Include\10.0.18362.0\ucrt\stdio.h(985,41): warning C4514: 'printf_s': unreferenced inline function has been removed
C:\Program Files (x86)\Windows Kits\10\Include\10.0.18362.0\ucrt\stdio.h(1004,37): warning C4514: '_printf_p_l': unreferenced inline function has been removed
C:\Program Files (x86)\Windows Kits\10\Include\10.0.18362.0\ucrt\stdio.h(1022,37): warning C4514: '_printf_p': unreferenced inline function has been removed
C:\Program Files (x86)\Windows Kits\10\Include\10.0.18362.0\ucrt\stdio.h(1070,37): warning C4514: 'vfscanf': unreferenced inline function has been removed
C:\Program Files (x86)\Windows Kits\10\Include\10.0.18362.0\ucrt\stdio.h(1104,41): warning C4514: 'vfscanf_s': unreferenced inline function has been removed
C:\Program Files (x86)\Windows Kits\10\Include\10.0.18362.0\ucrt\stdio.h(1120,37): warning C4514: '_vscanf_l': unreferenced inline function has been removed
C:\Program Files (x86)\Windows Kits\10\Include\10.0.18362.0\ucrt\stdio.h(1134,37): warning C4514: 'vscanf': unreferenced inline function has been removed
C:\Program Files (x86)\Windows Kits\10\Include\10.0.18362.0\ucrt\stdio.h(1147,37): warning C4514: '_vscanf_s_l': unreferenced inline function has been removed
C:\Program Files (x86)\Windows Kits\10\Include\10.0.18362.0\ucrt\stdio.h(1163,41): warning C4514: 'vscanf_s': unreferenced inline function has been removed
C:\Program Files (x86)\Windows Kits\10\Include\10.0.18362.0\ucrt\stdio.h(1178,37): warning C4514: '_fscanf_l': unreferenced inline function has been removed
C:\Program Files (x86)\Windows Kits\10\Include\10.0.18362.0\ucrt\stdio.h(1197,37): warning C4514: 'fscanf': unreferenced inline function has been removed
C:\Program Files (x86)\Windows Kits\10\Include\10.0.18362.0\ucrt\stdio.h(1215,37): warning C4514: '_fscanf_s_l': unreferenced inline function has been removed
C:\Program Files (x86)\Windows Kits\10\Include\10.0.18362.0\ucrt\stdio.h(1236,41): warning C4514: 'fscanf_s': unreferenced inline function has been removed
C:\Program Files (x86)\Windows Kits\10\Include\10.0.18362.0\ucrt\stdio.h(1256,37): warning C4514: '_scanf_l': unreferenced inline function has been removed
C:\Program Files (x86)\Windows Kits\10\Include\10.0.18362.0\ucrt\stdio.h(1274,37): warning C4514: 'scanf': unreferenced inline function has been removed
C:\Program Files (x86)\Windows Kits\10\Include\10.0.18362.0\ucrt\stdio.h(1291,37): warning C4514: '_scanf_s_l': unreferenced inline function has been removed
C:\Program Files (x86)\Windows Kits\10\Include\10.0.18362.0\ucrt\stdio.h(1311,41): warning C4514: 'scanf_s': unreferenced inline function has been removed
C:\Program Files (x86)\Windows Kits\10\Include\10.0.18362.0\ucrt\stdio.h(1469,37): warning C4514: 'vsprintf': unreferenced inline function has been removed
C:\Program Files (x86)\Windows Kits\10\Include\10.0.18362.0\ucrt\stdio.h(1510,41): warning C4514: 'vsprintf_s': unreferenced inline function has been removed
C:\Program Files (x86)\Windows Kits\10\Include\10.0.18362.0\ucrt\stdio.h(1557,37): warning C4514: '_vsprintf_p': unreferenced inline function has been removed
C:\Program Files (x86)\Windows Kits\10\Include\10.0.18362.0\ucrt\stdio.h(1595,37): warning C4514: '_vsnprintf_s': unreferenced inline function has been removed
C:\Program Files (x86)\Windows Kits\10\Include\10.0.18362.0\ucrt\stdio.h(1623,41): warning C4514: 'vsnprintf_s': unreferenced inline function has been removed
C:\Program Files (x86)\Windows Kits\10\Include\10.0.18362.0\ucrt\stdio.h(1668,37): warning C4514: '_vscprintf': unreferenced inline function has been removed
C:\Program Files (x86)\Windows Kits\10\Include\10.0.18362.0\ucrt\stdio.h(1733,37): warning C4514: '_vsnprintf_c': unreferenced inline function has been removed
C:\Program Files (x86)\Windows Kits\10\Include\10.0.18362.0\ucrt\stdio.h(1749,37): warning C4514: '_sprintf_l': unreferenced inline function has been removed
C:\Program Files (x86)\Windows Kits\10\Include\10.0.18362.0\ucrt\stdio.h(1774,37): warning C4514: 'sprintf': unreferenced inline function has been removed
C:\Program Files (x86)\Windows Kits\10\Include\10.0.18362.0\ucrt\stdio.h(1810,37): warning C4514: '_sprintf_s_l': unreferenced inline function has been removed
C:\Program Files (x86)\Windows Kits\10\Include\10.0.18362.0\ucrt\stdio.h(1833,41): warning C4710: 'int sprintf_s(char *const ,const size_t,const char *const ,...)': function not inlined
C:\Program Files (x86)\Windows Kits\10\Include\10.0.18362.0\ucrt\stdio.h(1833): message : see declaration of 'sprintf_s'
C:\Program Files (x86)\Windows Kits\10\Include\10.0.18362.0\ucrt\stdio.h(1862,37): warning C4514: '_sprintf_p_l': unreferenced inline function has been removed
C:\Program Files (x86)\Windows Kits\10\Include\10.0.18362.0\ucrt\stdio.h(1883,37): warning C4514: '_sprintf_p': unreferenced inline function has been removed
C:\Program Files (x86)\Windows Kits\10\Include\10.0.18362.0\ucrt\stdio.h(1903,37): warning C4514: '_snprintf_l': unreferenced inline function has been removed
C:\Program Files (x86)\Windows Kits\10\Include\10.0.18362.0\ucrt\stdio.h(1940,37): warning C4514: 'snprintf': unreferenced inline function has been removed
C:\Program Files (x86)\Windows Kits\10\Include\10.0.18362.0\ucrt\stdio.h(1961,37): warning C4514: '_snprintf': unreferenced inline function has been removed
C:\Program Files (x86)\Windows Kits\10\Include\10.0.18362.0\ucrt\stdio.h(1991,37): warning C4514: '_snprintf_c_l': unreferenced inline function has been removed
C:\Program Files (x86)\Windows Kits\10\Include\10.0.18362.0\ucrt\stdio.h(2012,37): warning C4514: '_snprintf_c': unreferenced inline function has been removed
C:\Program Files (x86)\Windows Kits\10\Include\10.0.18362.0\ucrt\stdio.h(2032,37): warning C4514: '_snprintf_s_l': unreferenced inline function has been removed
C:\Program Files (x86)\Windows Kits\10\Include\10.0.18362.0\ucrt\stdio.h(2054,37): warning C4514: '_snprintf_s': unreferenced inline function has been removed
C:\Program Files (x86)\Windows Kits\10\Include\10.0.18362.0\ucrt\stdio.h(2082,37): warning C4514: '_scprintf_l': unreferenced inline function has been removed
C:\Program Files (x86)\Windows Kits\10\Include\10.0.18362.0\ucrt\stdio.h(2100,37): warning C4710: 'int _scprintf(const char *const ,...)': function not inlined
C:\Program Files (x86)\Windows Kits\10\Include\10.0.18362.0\ucrt\stdio.h(2100): message : see declaration of '_scprintf'
C:\Program Files (x86)\Windows Kits\10\Include\10.0.18362.0\ucrt\stdio.h(2117,37): warning C4514: '_scprintf_p_l': unreferenced inline function has been removed
C:\Program Files (x86)\Windows Kits\10\Include\10.0.18362.0\ucrt\stdio.h(2135,37): warning C4514: '_scprintf_p': unreferenced inline function has been removed
C:\Program Files (x86)\Windows Kits\10\Include\10.0.18362.0\ucrt\stdio.h(2183,37): warning C4514: 'vsscanf': unreferenced inline function has been removed
C:\Program Files (x86)\Windows Kits\10\Include\10.0.18362.0\ucrt\stdio.h(2244,37): warning C4514: '_sscanf_l': unreferenced inline function has been removed
C:\Program Files (x86)\Windows Kits\10\Include\10.0.18362.0\ucrt\stdio.h(2263,37): warning C4514: 'sscanf': unreferenced inline function has been removed
C:\Program Files (x86)\Windows Kits\10\Include\10.0.18362.0\ucrt\stdio.h(2281,37): warning C4514: '_sscanf_s_l': unreferenced inline function has been removed
C:\Program Files (x86)\Windows Kits\10\Include\10.0.18362.0\ucrt\stdio.h(2302,41): warning C4514: 'sscanf_s': unreferenced inline function has been removed
C:\Program Files (x86)\Windows Kits\10\Include\10.0.18362.0\ucrt\stdio.h(2330,37): warning C4514: '_snscanf_l': unreferenced inline function has been removed
C:\Program Files (x86)\Windows Kits\10\Include\10.0.18362.0\ucrt\stdio.h(2354,37): warning C4514: '_snscanf': unreferenced inline function has been removed
C:\Program Files (x86)\Windows Kits\10\Include\10.0.18362.0\ucrt\stdio.h(2378,37): warning C4514: '_snscanf_s_l': unreferenced inline function has been removed
C:\Program Files (x86)\Windows Kits\10\Include\10.0.18362.0\ucrt\stdio.h(2402,37): warning C4514: '_snscanf_s': unreferenced inline function has been removed
C:\Program Files (x86)\Windows Kits\10\Include\10.0.18362.0\ucrt\corecrt_memcpy_s.h(35,44): warning C4514: 'memcpy_s': unreferenced inline function has been removed
C:\Program Files (x86)\Windows Kits\10\Include\10.0.18362.0\ucrt\corecrt_memcpy_s.h(64,44): warning C4514: 'memmove_s': unreferenced inline function has been removed
C:\Program Files (x86)\Windows Kits\10\Include\10.0.18362.0\ucrt\corecrt_memory.h(100,28): warning C4514: 'memchr': unreferenced inline function has been removed
C:\Program Files (x86)\Windows Kits\10\Include\10.0.18362.0\ucrt\corecrt_wstring.h(166,38): warning C4514: 'wcsnlen_s': unreferenced inline function has been removed
C:\Program Files (x86)\Windows Kits\10\Include\10.0.18362.0\ucrt\corecrt_wstring.h(247,40): warning C4514: '_wcstok': unreferenced inline function has been removed
C:\Program Files (x86)\Windows Kits\10\Include\10.0.18362.0\ucrt\corecrt_wstring.h(261,35): warning C4514: 'wcstok': unreferenced inline function has been removed
C:\Program Files (x86)\Windows Kits\10\Include\10.0.18362.0\ucrt\corecrt_wstring.h(539,31): warning C4514: 'wcschr': unreferenced inline function has been removed
C:\Program Files (x86)\Windows Kits\10\Include\10.0.18362.0\ucrt\corecrt_wstring.h(545,31): warning C4514: 'wcspbrk': unreferenced inline function has been removed
C:\Program Files (x86)\Windows Kits\10\Include\10.0.18362.0\ucrt\corecrt_wstring.h(551,31): warning C4514: 'wcsrchr': unreferenced inline function has been removed
C:\Program Files (x86)\Windows Kits\10\Include\10.0.18362.0\ucrt\corecrt_wstring.h(558,31): warning C4514: 'wcsstr': unreferenced inline function has been removed
C:\Program Files (x86)\Windows Kits\10\Include\10.0.18362.0\ucrt\string.h(371,38): warning C4514: 'strnlen_s': unreferenced inline function has been removed
C:\Program Files (x86)\Windows Kits\10\Include\10.0.18362.0\ucrt\string.h(504,28): warning C4514: 'strchr': unreferenced inline function has been removed
C:\Program Files (x86)\Windows Kits\10\Include\10.0.18362.0\ucrt\string.h(510,28): warning C4514: 'strpbrk': unreferenced inline function has been removed
C:\Program Files (x86)\Windows Kits\10\Include\10.0.18362.0\ucrt\string.h(516,28): warning C4514: 'strrchr': unreferenced inline function has been removed
C:\Program Files (x86)\Windows Kits\10\Include\10.0.18362.0\ucrt\string.h(522,28): warning C4514: 'strstr': unreferenced inline function has been removed
C:\Program Files (x86)\Windows Kits\10\Include\10.0.18362.0\ucrt\corecrt_wconio.h(100,37): warning C4514: '_vcwprintf': unreferenced inline function has been removed
C:\Program Files (x86)\Windows Kits\10\Include\10.0.18362.0\ucrt\corecrt_wconio.h(127,37): warning C4514: '_vcwprintf_s': unreferenced inline function has been removed
C:\Program Files (x86)\Windows Kits\10\Include\10.0.18362.0\ucrt\corecrt_wconio.h(154,37): warning C4514: '_vcwprintf_p': unreferenced inline function has been removed
C:\Program Files (x86)\Windows Kits\10\Include\10.0.18362.0\ucrt\corecrt_wconio.h(167,37): warning C4514: '_cwprintf_l': unreferenced inline function has been removed
C:\Program Files (x86)\Windows Kits\10\Include\10.0.18362.0\ucrt\corecrt_wconio.h(185,37): warning C4514: '_cwprintf': unreferenced inline function has been removed
C:\Program Files (x86)\Windows Kits\10\Include\10.0.18362.0\ucrt\corecrt_wconio.h(202,37): warning C4514: '_cwprintf_s_l': unreferenced inline function has been removed
C:\Program Files (x86)\Windows Kits\10\Include\10.0.18362.0\ucrt\corecrt_wconio.h(220,37): warning C4514: '_cwprintf_s': unreferenced inline function has been removed
C:\Program Files (x86)\Windows Kits\10\Include\10.0.18362.0\ucrt\corecrt_wconio.h(237,37): warning C4514: '_cwprintf_p_l': unreferenced inline function has been removed
C:\Program Files (x86)\Windows Kits\10\Include\10.0.18362.0\ucrt\corecrt_wconio.h(255,37): warning C4514: '_cwprintf_p': unreferenced inline function has been removed
C:\Program Files (x86)\Windows Kits\10\Include\10.0.18362.0\ucrt\corecrt_wconio.h(303,37): warning C4514: '_vcwscanf': unreferenced inline function has been removed
C:\Program Files (x86)\Windows Kits\10\Include\10.0.18362.0\ucrt\corecrt_wconio.h(335,37): warning C4514: '_vcwscanf_s': unreferenced inline function has been removed
C:\Program Files (x86)\Windows Kits\10\Include\10.0.18362.0\ucrt\corecrt_wconio.h(348,37): warning C4514: '_cwscanf_l': unreferenced inline function has been removed
C:\Program Files (x86)\Windows Kits\10\Include\10.0.18362.0\ucrt\corecrt_wconio.h(371,37): warning C4514: '_cwscanf': unreferenced inline function has been removed
C:\Program Files (x86)\Windows Kits\10\Include\10.0.18362.0\ucrt\corecrt_wconio.h(393,37): warning C4514: '_cwscanf_s_l': unreferenced inline function has been removed
C:\Program Files (x86)\Windows Kits\10\Include\10.0.18362.0\ucrt\corecrt_wconio.h(411,37): warning C4514: '_cwscanf_s': unreferenced inline function has been removed
C:\Program Files (x86)\Windows Kits\10\Include\10.0.18362.0\ucrt\corecrt_wio.h(225,26): warning C4514: '_wopen': unreferenced inline function has been removed
C:\Program Files (x86)\Windows Kits\10\Include\10.0.18362.0\ucrt\corecrt_wio.h(238,26): warning C4514: '_wsopen': unreferenced inline function has been removed
C:\Program Files (x86)\Windows Kits\10\Include\10.0.18362.0\ucrt\corecrt_wtime.h(185,45): warning C4514: '_wctime': unreferenced inline function has been removed
C:\Program Files (x86)\Windows Kits\10\Include\10.0.18362.0\ucrt\corecrt_wtime.h(192,43): warning C4514: '_wctime_s': unreferenced inline function has been removed
C:\Program Files (x86)\Windows Kits\10\Include\10.0.18362.0\ucrt\sys\stat.h(234,39): warning C4514: 'fstat': unreferenced inline function has been removed
C:\Program Files (x86)\Windows Kits\10\Include\10.0.18362.0\ucrt\sys\stat.h(239,39): warning C4514: 'stat': unreferenced inline function has been removed
C:\Program Files (x86)\Windows Kits\10\Include\10.0.18362.0\ucrt\wchar.h(180,28): warning C4514: 'fwide': unreferenced inline function has been removed
C:\Program Files (x86)\Windows Kits\10\Include\10.0.18362.0\ucrt\wchar.h(189,28): warning C4514: 'mbsinit': unreferenced inline function has been removed
C:\Program Files (x86)\Windows Kits\10\Include\10.0.18362.0\ucrt\wchar.h(209,28): warning C4514: 'wmemcmp': unreferenced inline function has been removed
C:\Program Files (x86)\Windows Kits\10\Include\10.0.18362.0\ucrt\wchar.h(238,24): warning C4514: 'wmemmove': unreferenced inline function has been removed
C:\Program Files (x86)\Windows Kits\10\Include\10.0.18362.0\ucrt\wchar.h(268,48): warning C4514: 'wmemchr': unreferenced inline function has been removed
C:\Program Files (x86)\Windows Kits\10\Include\10.0.18362.0\ucrt\time.h(476,41): warning C4514: 'ctime': unreferenced inline function has been removed
C:\Program Files (x86)\Windows Kits\10\Include\10.0.18362.0\ucrt\time.h(487,42): warning C4514: 'difftime': unreferenced inline function has been removed
C:\Program Files (x86)\Windows Kits\10\Include\10.0.18362.0\ucrt\time.h(496,46): warning C4514: 'gmtime': unreferenced inline function has been removed
C:\Program Files (x86)\Windows Kits\10\Include\10.0.18362.0\ucrt\time.h(506,46): warning C4514: 'localtime': unreferenced inline function has been removed
C:\Program Files (x86)\Windows Kits\10\Include\10.0.18362.0\ucrt\time.h(517,42): warning C4514: '_mkgmtime': unreferenced inline function has been removed
C:\Program Files (x86)\Windows Kits\10\Include\10.0.18362.0\ucrt\time.h(525,42): warning C4514: 'mktime': unreferenced inline function has been removed
C:\Program Files (x86)\Windows Kits\10\Include\10.0.18362.0\ucrt\time.h(532,42): warning C4514: 'time': unreferenced inline function has been removed
C:\Program Files (x86)\Windows Kits\10\Include\10.0.18362.0\ucrt\time.h(540,39): warning C4514: 'timespec_get': unreferenced inline function has been removed
C:\Program Files (x86)\Windows Kits\10\Include\10.0.18362.0\ucrt\time.h(550,47): warning C4514: 'ctime_s': unreferenced inline function has been removed
C:\Program Files (x86)\Windows Kits\10\Include\10.0.18362.0\ucrt\time.h(560,47): warning C4514: 'gmtime_s': unreferenced inline function has been removed
C:\Program Files (x86)\Windows Kits\10\Include\10.0.18362.0\ucrt\time.h(569,47): warning C4514: 'localtime_s': unreferenced inline function has been removed
C:\Program Files (x86)\Windows Kits\10\Include\10.0.18362.0\ucrt\ctype.h(165,37): warning C4514: '__ascii_iswalpha': unreferenced inline function has been removed
C:\Program Files (x86)\Windows Kits\10\Include\10.0.18362.0\ucrt\ctype.h(170,37): warning C4514: '__ascii_iswdigit': unreferenced inline function has been removed
C:\Program Files (x86)\Windows Kits\10\Include\10.0.18362.0\ucrt\ctype.h(175,37): warning C4514: '__ascii_towlower': unreferenced inline function has been removed
C:\Program Files (x86)\Windows Kits\10\Include\10.0.18362.0\ucrt\ctype.h(180,37): warning C4514: '__ascii_towupper': unreferenced inline function has been removed
C:\Program Files (x86)\Windows Kits\10\Include\10.0.18362.0\ucrt\ctype.h(234,28): warning C4514: '_ischartype_l': unreferenced inline function has been removed
C:\Users\Tony\Dropbox\Libraries & Includes\Includes\SFML\System\NonCopyable.hpp(53,5): warning C4514: 'sf::NonCopyable::NonCopyable': unreferenced inline function has been removed
C:\Users\Tony\Dropbox\Libraries & Includes\Includes\SFML\System\NonCopyable.hpp(63,6): warning C4514: 'sf::NonCopyable::~NonCopyable': unreferenced inline function has been removed
C:\Users\Tony\Dropbox\Libraries & Includes\Includes\SFML\Graphics\Glyph.hpp(49,5): warning C4514: 'sf::Glyph::Glyph': unreferenced inline function has been removed
C:\Users\Tony\Dropbox\Libraries & Includes\Includes\SFML\Graphics\Font.hpp(274,9): warning C4514: 'sf::Font::Row::Row': unreferenced inline function has been removed
  Generating code
C:\Users\Tony\Documents\GitHub\box\College\Computing 4 Assignments\ps0\PS0\main.cpp(14): warning C4710: '__thiscall sf::String::~String(void)': function not inlined
C:\Users\Tony\Documents\GitHub\box\College\Computing 4 Assignments\ps0\PS0\main.cpp(24): warning C4710: 'virtual __thiscall sf::CircleShape::~CircleShape(void)': function not inlined
C:\Users\Tony\Documents\GitHub\box\College\Computing 4 Assignments\ps0\PS0\main.cpp(29): warning C4710: 'virtual __thiscall sf::Sprite::~Sprite(void)': function not inlined
C:\Users\Tony\Documents\GitHub\box\College\Computing 4 Assignments\ps0\PS0\main.cpp(29): warning C4710: 'virtual __thiscall sf::CircleShape::~CircleShape(void)': function not inlined
C:\Users\Tony\Documents\GitHub\box\College\Computing 4 Assignments\ps0\PS0\main.cpp(31): warning C4710: '__thiscall sf::String::~String(void)': function not inlined
C:\Users\Tony\Documents\GitHub\box\College\Computing 4 Assignments\ps0\PS0\main.cpp(56): warning C4710: 'virtual __thiscall sf::Text::~Text(void)': function not inlined
C:\Users\Tony\Documents\GitHub\box\College\Computing 4 Assignments\ps0\PS0\main.cpp(56): warning C4710: 'virtual __thiscall sf::Sprite::~Sprite(void)': function not inlined
C:\Users\Tony\Documents\GitHub\box\College\Computing 4 Assignments\ps0\PS0\main.cpp(56): warning C4710: 'virtual __thiscall sf::CircleShape::~CircleShape(void)': function not inlined
C:\Users\Tony\Documents\GitHub\box\College\Computing 4 Assignments\ps0\PS0\main.cpp(23): warning C4711: function '__thiscall sf::Rect<int>::Rect<int>(void)' selected for automatic inline expansion
C:\Users\Tony\Documents\GitHub\box\College\Computing 4 Assignments\ps0\PS0\main.cpp(24): warning C4710: '__thiscall std::basic_string<char,struct std::char_traits<char>,class std::allocator<char> >::~basic_string<char,struct std::char_traits<char>,class std::allocator<char> >(void)': function not inlined
C:\Program Files (x86)\Microsoft Visual Studio\2019\Community\VC\Tools\MSVC\14.28.29333\include\xstring(4388): warning C4711: function 'void __cdecl std::_Destroy_in_place<char *>(char * &)' selected for automatic inline expansion
C:\Program Files (x86)\Microsoft Visual Studio\2019\Community\VC\Tools\MSVC\14.28.29333\include\xmemory(810): warning C4711: function 'void __cdecl std::_Deallocate<8,0>(void *,unsigned int)' selected for automatic inline expansion
C:\Users\Tony\Documents\GitHub\box\College\Computing 4 Assignments\ps0\PS0\main.cpp(29): warning C4710: '__thiscall std::basic_string<char,struct std::char_traits<char>,class std::allocator<char> >::~basic_string<char,struct std::char_traits<char>,class std::allocator<char> >(void)': function not inlined
C:\Users\Tony\Documents\GitHub\box\College\Computing 4 Assignments\ps0\PS0\main.cpp(44): warning C4711: function 'void __cdecl processInput(int &)' selected for automatic inline expansion
C:\Users\Tony\Documents\GitHub\box\College\Computing 4 Assignments\ps0\PS0\main.cpp(46): warning C4711: function 'void __cdecl processInput(class sf::RenderWindow &,class sf::CircleShape &)' selected for automatic inline expansion
C:\Users\Tony\Documents\GitHub\box\College\Computing 4 Assignments\ps0\PS0\main.cpp(48): warning C4711: function 'void __cdecl processInput(class sf::RenderWindow &,class sf::Sprite &)' selected for automatic inline expansion
C:\Program Files (x86)\Microsoft Visual Studio\2019\Community\VC\Tools\MSVC\14.28.29333\include\xstring(4388): warning C4711: function 'void __cdecl std::_Destroy_in_place<char *>(char * &)' selected for automatic inline expansion
C:\Program Files (x86)\Microsoft Visual Studio\2019\Community\VC\Tools\MSVC\14.28.29333\include\xmemory(810): warning C4711: function 'void __cdecl std::_Deallocate<8,0>(void *,unsigned int)' selected for automatic inline expansion
C:\Users\Tony\Documents\GitHub\box\College\Computing 4 Assignments\ps0\PS0\main.cpp(56): warning C4738: storing 32-bit float result in memory, possible loss of performance
C:\Users\Tony\Documents\GitHub\box\College\Computing 4 Assignments\ps0\PS0\main.cpp(56): warning C4738: storing 32-bit float result in memory, possible loss of performance
C:\Users\Tony\Documents\GitHub\box\College\Computing 4 Assignments\ps0\PS0\main.cpp(34): warning C4738: storing 32-bit float result in memory, possible loss of performance
C:\Users\Tony\Documents\GitHub\box\College\Computing 4 Assignments\ps0\PS0\main.cpp(34): warning C4738: storing 32-bit float result in memory, possible loss of performance
C:\Users\Tony\Documents\GitHub\box\College\Computing 4 Assignments\ps0\PS0\main.cpp(66): warning C4738: storing 32-bit float result in memory, possible loss of performance
C:\Users\Tony\Documents\GitHub\box\College\Computing 4 Assignments\ps0\PS0\main.cpp(71): warning C4738: storing 32-bit float result in memory, possible loss of performance
  1 of 73 functions ( 1.4%) were compiled, the rest were copied from previous compilation.
    0 functions were new in current compilation
    0 functions had inline decision re-evaluated but remain unchanged
  Finished generating code
  PS0.vcxproj -> C:\Users\Tony\Documents\GitHub\box\College\Computing 4 Assignments\ps0\PS0\Release\PS0.exe
