  glad.c
  lighting.cpp
C:\Users\Tony\Dropbox\Libraries & Includes\Includes\Shader\Shader.h(56,40): warning C4101: 'e': unreferenced local variable
C:\Users\Tony\Dropbox\Libraries & Includes\Includes\Mesh\Mesh.h(84,1): warning C4267: 'argument': conversion from 'size_t' to 'GLsizei', possible loss of data
C:\Users\Tony\Documents\GitHub\box\GraphicsEngine\lighting\lighting.cpp(90,22): warning C4244: 'initializing': conversion from 'double' to 'float', possible loss of data
C:\Users\Tony\Documents\GitHub\box\GraphicsEngine\lighting\lighting.cpp(103,128): warning C4305: 'argument': truncation from 'double' to 'float'
C:\Users\Tony\Documents\GitHub\box\GraphicsEngine\lighting\lighting.cpp(171,11): warning C4244: '=': conversion from 'double' to 'float', possible loss of data
C:\Users\Tony\Documents\GitHub\box\GraphicsEngine\lighting\lighting.cpp(172,11): warning C4244: '=': conversion from 'double' to 'float', possible loss of data
C:\Users\Tony\Documents\GitHub\box\GraphicsEngine\lighting\lighting.cpp(175,16): warning C4244: 'initializing': conversion from 'double' to 'float', possible loss of data
C:\Users\Tony\Documents\GitHub\box\GraphicsEngine\lighting\lighting.cpp(176,16): warning C4244: 'initializing': conversion from 'double' to 'float', possible loss of data
C:\Users\Tony\Documents\GitHub\box\GraphicsEngine\lighting\lighting.cpp(178,10): warning C4244: '=': conversion from 'double' to 'float', possible loss of data
C:\Users\Tony\Documents\GitHub\box\GraphicsEngine\lighting\lighting.cpp(179,10): warning C4244: '=': conversion from 'double' to 'float', possible loss of data
C:\Users\Tony\Documents\GitHub\box\GraphicsEngine\lighting\lighting.cpp(184,28): warning C4244: 'argument': conversion from 'double' to 'float', possible loss of data
LINK : warning LNK4098: defaultlib 'MSVCRTD' conflicts with use of other libs; use /NODEFAULTLIB:library
  Generating code
  227 of 757 functions (30.0%) were compiled, the rest were copied from previous compilation.
    0 functions were new in current compilation
    0 functions had inline decision re-evaluated but remain unchanged
  Finished generating code
glfw3.lib(context.obj) : warning LNK4099: PDB 'glfw.pdb' was not found with 'glfw3.lib(context.obj)' or at 'C:\Users\Tony\Documents\GitHub\box\GraphicsEngine\lighting\x64\Release\glfw.pdb'; linking object as if no debug info
glfw3.lib(init.obj) : warning LNK4099: PDB 'glfw.pdb' was not found with 'glfw3.lib(init.obj)' or at 'C:\Users\Tony\Documents\GitHub\box\GraphicsEngine\lighting\x64\Release\glfw.pdb'; linking object as if no debug info
glfw3.lib(input.obj) : warning LNK4099: PDB 'glfw.pdb' was not found with 'glfw3.lib(input.obj)' or at 'C:\Users\Tony\Documents\GitHub\box\GraphicsEngine\lighting\x64\Release\glfw.pdb'; linking object as if no debug info
glfw3.lib(monitor.obj) : warning LNK4099: PDB 'glfw.pdb' was not found with 'glfw3.lib(monitor.obj)' or at 'C:\Users\Tony\Documents\GitHub\box\GraphicsEngine\lighting\x64\Release\glfw.pdb'; linking object as if no debug info
glfw3.lib(vulkan.obj) : warning LNK4099: PDB 'glfw.pdb' was not found with 'glfw3.lib(vulkan.obj)' or at 'C:\Users\Tony\Documents\GitHub\box\GraphicsEngine\lighting\x64\Release\glfw.pdb'; linking object as if no debug info
glfw3.lib(window.obj) : warning LNK4099: PDB 'glfw.pdb' was not found with 'glfw3.lib(window.obj)' or at 'C:\Users\Tony\Documents\GitHub\box\GraphicsEngine\lighting\x64\Release\glfw.pdb'; linking object as if no debug info
glfw3.lib(win32_init.obj) : warning LNK4099: PDB 'glfw.pdb' was not found with 'glfw3.lib(win32_init.obj)' or at 'C:\Users\Tony\Documents\GitHub\box\GraphicsEngine\lighting\x64\Release\glfw.pdb'; linking object as if no debug info
glfw3.lib(win32_joystick.obj) : warning LNK4099: PDB 'glfw.pdb' was not found with 'glfw3.lib(win32_joystick.obj)' or at 'C:\Users\Tony\Documents\GitHub\box\GraphicsEngine\lighting\x64\Release\glfw.pdb'; linking object as if no debug info
glfw3.lib(win32_monitor.obj) : warning LNK4099: PDB 'glfw.pdb' was not found with 'glfw3.lib(win32_monitor.obj)' or at 'C:\Users\Tony\Documents\GitHub\box\GraphicsEngine\lighting\x64\Release\glfw.pdb'; linking object as if no debug info
glfw3.lib(win32_time.obj) : warning LNK4099: PDB 'glfw.pdb' was not found with 'glfw3.lib(win32_time.obj)' or at 'C:\Users\Tony\Documents\GitHub\box\GraphicsEngine\lighting\x64\Release\glfw.pdb'; linking object as if no debug info
glfw3.lib(win32_thread.obj) : warning LNK4099: PDB 'glfw.pdb' was not found with 'glfw3.lib(win32_thread.obj)' or at 'C:\Users\Tony\Documents\GitHub\box\GraphicsEngine\lighting\x64\Release\glfw.pdb'; linking object as if no debug info
glfw3.lib(win32_window.obj) : warning LNK4099: PDB 'glfw.pdb' was not found with 'glfw3.lib(win32_window.obj)' or at 'C:\Users\Tony\Documents\GitHub\box\GraphicsEngine\lighting\x64\Release\glfw.pdb'; linking object as if no debug info
glfw3.lib(wgl_context.obj) : warning LNK4099: PDB 'glfw.pdb' was not found with 'glfw3.lib(wgl_context.obj)' or at 'C:\Users\Tony\Documents\GitHub\box\GraphicsEngine\lighting\x64\Release\glfw.pdb'; linking object as if no debug info
glfw3.lib(egl_context.obj) : warning LNK4099: PDB 'glfw.pdb' was not found with 'glfw3.lib(egl_context.obj)' or at 'C:\Users\Tony\Documents\GitHub\box\GraphicsEngine\lighting\x64\Release\glfw.pdb'; linking object as if no debug info
glfw3.lib(osmesa_context.obj) : warning LNK4099: PDB 'glfw.pdb' was not found with 'glfw3.lib(osmesa_context.obj)' or at 'C:\Users\Tony\Documents\GitHub\box\GraphicsEngine\lighting\x64\Release\glfw.pdb'; linking object as if no debug info
  lighting.vcxproj -> C:\Users\Tony\Documents\GitHub\box\GraphicsEngine\lighting\x64\Release\lighting.exe
