!SESSION 2019-09-04 17:47:49.933 -----------------------------------------------
eclipse.buildId=4.12.0.I20190605-1800
java.version=1.8.0_221
java.vendor=Oracle Corporation
BootLoader constants: OS=win32, ARCH=x86_64, WS=win32, NL=en_US
Framework arguments:  -product org.eclipse.epp.package.java.product -product org.eclipse.epp.package.java.product -product org.eclipse.epp.package.java.product
Command-line arguments:  -os win32 -ws win32 -arch x86_64 -product org.eclipse.epp.package.java.product -product org.eclipse.epp.package.java.product -data C:\Users\Tony\Dropbox\Projects\Computer Science 187 Projects -product org.eclipse.epp.package.java.product

!ENTRY org.eclipse.ui 2 0 2019-09-04 17:48:44.435
!MESSAGE Warnings while parsing the images from the 'org.eclipse.ui.commandImages' extension point.
!SUBENTRY 1 org.eclipse.ui 2 0 2019-09-04 17:48:44.435
!MESSAGE Cannot bind to an undefined command: plug-in='com.genuitec.eclipse.theming.ui', id='com.genuitec.myeclipse.help.darktheme.commandid'

!ENTRY org.eclipse.egit.core 1 0 2019-09-04 17:48:44.744
!MESSAGE Using Apache MINA sshd as ssh client.

!ENTRY com.genuitec.eclipse.theming.ui 1 0 2019-09-04 17:48:45.680
!MESSAGE A DevStyle Theme is being activated on this workspace; preparing colors and configuration

!ENTRY com.genuitec.eclipse.theming.ui 1 0 2019-09-04 17:48:45.694
!MESSAGE DevStyle has archived current color configurations to alternate preferences - will be restored when switching out of the DevStyle Theme

!ENTRY org.eclipse.egit.ui 2 0 2019-09-04 17:48:55.379
!MESSAGE Warning: The environment variable HOME is not set. The following directory will be used to store the Git
user global configuration and to define the default location to store repositories: 'C:\Users\Tony'. If this is
not correct please set the HOME environment variable and restart Eclipse. Otherwise Git for Windows and
EGit might behave differently since they see different configuration options.
This warning can be switched off on the Team > Git > Confirmations and Warnings preference page.
!SESSION 2019-09-04 17:56:39.233 -----------------------------------------------
eclipse.buildId=4.12.0.I20190605-1800
java.version=1.8.0_221
java.vendor=Oracle Corporation
BootLoader constants: OS=win32, ARCH=x86_64, WS=win32, NL=en_US
Framework arguments:  -product org.eclipse.epp.package.java.product -product org.eclipse.epp.package.java.product -product org.eclipse.epp.package.java.product -product org.eclipse.epp.package.java.product -product org.eclipse.epp.package.java.product
Command-line arguments:  -os win32 -ws win32 -arch x86_64 -product org.eclipse.epp.package.java.product -product org.eclipse.epp.package.java.product -product org.eclipse.epp.package.java.product -product org.eclipse.epp.package.java.product -data C:\Users\Tony\Dropbox\Projects\Computer Science 187 Projects -product org.eclipse.epp.package.java.product

!ENTRY org.eclipse.egit.core 1 0 2019-09-04 17:56:45.120
!MESSAGE Using Apache MINA sshd as ssh client.

!ENTRY org.eclipse.egit.ui 2 0 2019-09-04 17:56:56.549
!MESSAGE Warning: The environment variable HOME is not set. The following directory will be used to store the Git
user global configuration and to define the default location to store repositories: 'C:\Users\Tony'. If this is
not correct please set the HOME environment variable and restart Eclipse. Otherwise Git for Windows and
EGit might behave differently since they see different configuration options.
This warning can be switched off on the Team > Git > Confirmations and Warnings preference page.

!ENTRY com.genuitec.eclipse.theming.ui 4 0 2019-09-05 19:04:24.528
!MESSAGE www.genuitec.com
!STACK 0
java.net.UnknownHostException: www.genuitec.com
	at java.net.AbstractPlainSocketImpl.connect(Unknown Source)
	at java.net.PlainSocketImpl.connect(Unknown Source)
	at java.net.SocksSocketImpl.connect(Unknown Source)
	at java.net.Socket.connect(Unknown Source)
	at sun.security.ssl.SSLSocketImpl.connect(Unknown Source)
	at sun.security.ssl.BaseSSLSocketImpl.connect(Unknown Source)
	at sun.net.NetworkClient.doConnect(Unknown Source)
	at sun.net.www.http.HttpClient.openServer(Unknown Source)
	at sun.net.www.http.HttpClient.openServer(Unknown Source)
	at sun.net.www.protocol.https.HttpsClient.<init>(Unknown Source)
	at sun.net.www.protocol.https.HttpsClient.New(Unknown Source)
	at sun.net.www.protocol.https.AbstractDelegateHttpsURLConnection.getNewHttpClient(Unknown Source)
	at sun.net.www.protocol.http.HttpURLConnection.plainConnect0(Unknown Source)
	at sun.net.www.protocol.http.HttpURLConnection.plainConnect(Unknown Source)
	at sun.net.www.protocol.https.AbstractDelegateHttpsURLConnection.connect(Unknown Source)
	at sun.net.www.protocol.http.HttpURLConnection.getInputStream0(Unknown Source)
	at sun.net.www.protocol.http.HttpURLConnection.getInputStream(Unknown Source)
	at java.net.HttpURLConnection.getResponseCode(Unknown Source)
	at sun.net.www.protocol.https.HttpsURLConnectionImpl.getResponseCode(Unknown Source)
	at com.genuitec.eclipse.theming.ui.IconDownloaderJob.getApprovedDefinitions(IconDownloaderJob.java:86)
	at com.genuitec.eclipse.theming.ui.IconDownloaderJob.run(IconDownloaderJob.java:52)
	at org.eclipse.core.internal.jobs.Worker.run(Worker.java:63)
!SESSION 2019-09-06 01:24:23.361 -----------------------------------------------
eclipse.buildId=4.12.0.I20190605-1800
java.version=1.8.0_221
java.vendor=Oracle Corporation
BootLoader constants: OS=win32, ARCH=x86_64, WS=win32, NL=en_US
Framework arguments:  -product org.eclipse.epp.package.java.product
Command-line arguments:  -os win32 -ws win32 -arch x86_64 -product org.eclipse.epp.package.java.product

!ENTRY org.eclipse.core.resources 2 10035 2019-09-06 01:24:50.379
!MESSAGE The workspace exited with unsaved changes in the previous session; refreshing workspace to recover changes.

!ENTRY org.eclipse.egit.core 1 0 2019-09-06 01:24:51.538
!MESSAGE Using Apache MINA sshd as ssh client.

!ENTRY org.eclipse.e4.ui.workbench 4 0 2019-09-06 01:24:53.196
!MESSAGE Unable to retrieve the bundle from the URI: bundleclass://com.genuitec.eclipse.meexplorer/com.genuitec.eclipse.meexplorer.breadcrumb.e4.BreadCrumbContainer

!ENTRY org.eclipse.egit.ui 2 0 2019-09-06 01:24:59.934
!MESSAGE Warning: The environment variable HOME is not set. The following directory will be used to store the Git
user global configuration and to define the default location to store repositories: 'C:\Users\Tony'. If this is
not correct please set the HOME environment variable and restart Eclipse. Otherwise Git for Windows and
EGit might behave differently since they see different configuration options.
This warning can be switched off on the Team > Git > Confirmations and Warnings preference page.
!SESSION 2019-09-06 11:39:21.102 -----------------------------------------------
eclipse.buildId=4.12.0.I20190605-1800
java.version=1.8.0_221
java.vendor=Oracle Corporation
BootLoader constants: OS=win32, ARCH=x86_64, WS=win32, NL=en_US
Framework arguments:  -product org.eclipse.epp.package.java.product
Command-line arguments:  -os win32 -ws win32 -arch x86_64 -product org.eclipse.epp.package.java.product

!ENTRY org.eclipse.egit.core 1 0 2019-09-06 11:40:30.752
!MESSAGE Using Apache MINA sshd as ssh client.

!ENTRY org.eclipse.egit.ui 2 0 2019-09-06 11:40:43.701
!MESSAGE Warning: The environment variable HOME is not set. The following directory will be used to store the Git
user global configuration and to define the default location to store repositories: 'C:\Users\Tony'. If this is
not correct please set the HOME environment variable and restart Eclipse. Otherwise Git for Windows and
EGit might behave differently since they see different configuration options.
This warning can be switched off on the Team > Git > Confirmations and Warnings preference page.

!ENTRY org.eclipse.core.resources 4 0 2019-09-06 01:29:59.458
!MESSAGE Error occurred while reading master table file
!STACK 0
java.nio.charset.UnmappableCharacterException: Input length = 1
	at java.nio.charset.CoderResult.throwException(Unknown Source)
	at sun.nio.cs.StreamDecoder.implRead(Unknown Source)
	at sun.nio.cs.StreamDecoder.read(Unknown Source)
	at java.io.InputStreamReader.read(Unknown Source)
	at java.io.BufferedReader.fill(Unknown Source)
	at java.io.BufferedReader.readLine(Unknown Source)
	at java.io.BufferedReader.readLine(Unknown Source)
	at java.nio.file.Files.readAllLines(Unknown Source)
	at org.eclipse.core.internal.resources.SaveManager.getBadSequenceNumberErrorMessage(SaveManager.java:1618)
	at org.eclipse.core.internal.resources.SaveManager.validateMasterTableBeforeSave(SaveManager.java:1599)
	at org.eclipse.core.internal.resources.SaveManager.saveMasterTable(SaveManager.java:1271)
	at org.eclipse.core.internal.resources.SaveManager.saveMasterTable(SaveManager.java:1263)
	at org.eclipse.core.internal.resources.SaveManager.save(SaveManager.java:1240)
	at org.eclipse.core.internal.resources.SaveManager.save(SaveManager.java:1151)
	at org.eclipse.core.internal.resources.DelayedSnapshotJob.run(DelayedSnapshotJob.java:55)
	at org.eclipse.core.internal.jobs.Worker.run(Worker.java:63)

!ENTRY org.eclipse.core.jobs 4 2 2019-09-06 01:29:59.467
!MESSAGE An internal error occurred during: "Periodic workspace save.".
!STACK 0
java.lang.IllegalArgumentException: Cannot set lower sequence number for root (previous: 3, new: 1). Location: C:\Users\Tony\Dropbox\Projects\Computer Science 187 Projects\.metadata\.plugins\org.eclipse.core.resources\.safetable\org.eclipse.core.resourcesTimestamps and tree sequence numbers from file:
	at org.eclipse.core.runtime.Assert.isLegal(Assert.java:66)
	at org.eclipse.core.internal.resources.SaveManager.validateMasterTableBeforeSave(SaveManager.java:1600)
	at org.eclipse.core.internal.resources.SaveManager.saveMasterTable(SaveManager.java:1271)
	at org.eclipse.core.internal.resources.SaveManager.saveMasterTable(SaveManager.java:1263)
	at org.eclipse.core.internal.resources.SaveManager.save(SaveManager.java:1240)
	at org.eclipse.core.internal.resources.SaveManager.save(SaveManager.java:1151)
	at org.eclipse.core.internal.resources.DelayedSnapshotJob.run(DelayedSnapshotJob.java:55)
	at org.eclipse.core.internal.jobs.Worker.run(Worker.java:63)
!SESSION 2019-09-06 01:30:46.481 -----------------------------------------------
eclipse.buildId=4.12.0.I20190605-1800
java.version=1.8.0_221
java.vendor=Oracle Corporation
BootLoader constants: OS=win32, ARCH=x86_64, WS=win32, NL=en_US
Framework arguments:  -product org.eclipse.epp.package.java.product
Command-line arguments:  -os win32 -ws win32 -arch x86_64 -product org.eclipse.epp.package.java.product

!ENTRY org.eclipse.egit.core 1 0 2019-09-06 01:31:06.620
!MESSAGE Using Apache MINA sshd as ssh client.

!ENTRY org.eclipse.egit.ui 2 0 2019-09-06 01:31:13.832
!MESSAGE Warning: The environment variable HOME is not set. The following directory will be used to store the Git
user global configuration and to define the default location to store repositories: 'C:\Users\Tony'. If this is
not correct please set the HOME environment variable and restart Eclipse. Otherwise Git for Windows and
EGit might behave differently since they see different configuration options.
This warning can be switched off on the Team > Git > Confirmations and Warnings preference page.
!SESSION 2019-09-06 01:40:49.292 -----------------------------------------------
eclipse.buildId=4.12.0.I20190605-1800
java.version=1.8.0_221
java.vendor=Oracle Corporation
BootLoader constants: OS=win32, ARCH=x86_64, WS=win32, NL=en_US
Framework arguments:  -product org.eclipse.epp.package.java.product
Command-line arguments:  -os win32 -ws win32 -arch x86_64 -product org.eclipse.epp.package.java.product

!ENTRY org.eclipse.egit.core 1 0 2019-09-06 01:40:55.315
!MESSAGE Using Apache MINA sshd as ssh client.

!ENTRY org.eclipse.egit.ui 2 0 2019-09-06 01:41:02.943
!MESSAGE Warning: The environment variable HOME is not set. The following directory will be used to store the Git
user global configuration and to define the default location to store repositories: 'C:\Users\Tony'. If this is
not correct please set the HOME environment variable and restart Eclipse. Otherwise Git for Windows and
EGit might behave differently since they see different configuration options.
This warning can be switched off on the Team > Git > Confirmations and Warnings preference page.
!SESSION 2019-09-07 03:20:19.738 -----------------------------------------------
eclipse.buildId=4.12.0.I20190605-1800
java.version=1.8.0_221
java.vendor=Oracle Corporation
BootLoader constants: OS=win32, ARCH=x86_64, WS=win32, NL=en_US
Framework arguments:  -product org.eclipse.epp.package.java.product
Command-line arguments:  -os win32 -ws win32 -arch x86_64 -product org.eclipse.epp.package.java.product

!ENTRY org.eclipse.egit.core 1 0 2019-09-07 03:21:42.168
!MESSAGE Using Apache MINA sshd as ssh client.

!ENTRY org.eclipse.egit.ui 2 0 2019-09-07 03:21:50.302
!MESSAGE Warning: The environment variable HOME is not set. The following directory will be used to store the Git
user global configuration and to define the default location to store repositories: 'C:\Users\Tony'. If this is
not correct please set the HOME environment variable and restart Eclipse. Otherwise Git for Windows and
EGit might behave differently since they see different configuration options.
This warning can be switched off on the Team > Git > Confirmations and Warnings preference page.
!SESSION 2019-09-07 15:06:19.432 -----------------------------------------------
eclipse.buildId=4.12.0.I20190605-1800
java.version=1.8.0_221
java.vendor=Oracle Corporation
BootLoader constants: OS=win32, ARCH=x86_64, WS=win32, NL=en_US
Framework arguments:  -product org.eclipse.epp.package.java.product
Command-line arguments:  -os win32 -ws win32 -arch x86_64 -product org.eclipse.epp.package.java.product

!ENTRY org.eclipse.egit.core 1 0 2019-09-07 15:07:32.541
!MESSAGE Using Apache MINA sshd as ssh client.

!ENTRY org.eclipse.egit.ui 2 0 2019-09-07 15:07:40.638
!MESSAGE Warning: The environment variable HOME is not set. The following directory will be used to store the Git
user global configuration and to define the default location to store repositories: 'C:\Users\Tony'. If this is
not correct please set the HOME environment variable and restart Eclipse. Otherwise Git for Windows and
EGit might behave differently since they see different configuration options.
This warning can be switched off on the Team > Git > Confirmations and Warnings preference page.
!SESSION 2019-09-09 00:13:12.602 -----------------------------------------------
eclipse.buildId=4.12.0.I20190605-1800
java.version=1.8.0_221
java.vendor=Oracle Corporation
BootLoader constants: OS=win32, ARCH=x86_64, WS=win32, NL=en_US
Framework arguments:  -product org.eclipse.epp.package.java.product
Command-line arguments:  -os win32 -ws win32 -arch x86_64 -product org.eclipse.epp.package.java.product

!ENTRY org.eclipse.egit.core 1 0 2019-09-09 00:34:14.457
!MESSAGE Using Apache MINA sshd as ssh client.

!ENTRY org.eclipse.egit.ui 2 0 2019-09-09 00:34:22.585
!MESSAGE Warning: The environment variable HOME is not set. The following directory will be used to store the Git
user global configuration and to define the default location to store repositories: 'C:\Users\Tony'. If this is
not correct please set the HOME environment variable and restart Eclipse. Otherwise Git for Windows and
EGit might behave differently since they see different configuration options.
This warning can be switched off on the Team > Git > Confirmations and Warnings preference page.

!ENTRY org.eclipse.jdt.debug 2 0 2019-09-09 19:37:06.851
!MESSAGE Unable to find location of java.lang.Thread.setName() in debuggee JVM, for type java.lang.Thread

!ENTRY org.eclipse.jdt.debug 2 0 2019-09-09 19:37:18.634
!MESSAGE Unable to find location of java.lang.Thread.setName() in debuggee JVM, for type java.lang.Thread

!ENTRY org.eclipse.jdt.debug 2 0 2019-09-09 19:37:36.439
!MESSAGE Unable to find location of java.lang.Thread.setName() in debuggee JVM, for type java.lang.Thread
!SESSION 2019-09-09 19:41:48.737 -----------------------------------------------
eclipse.buildId=4.12.0.I20190605-1800
java.version=1.8.0_221
java.vendor=Oracle Corporation
BootLoader constants: OS=win32, ARCH=x86_64, WS=win32, NL=en_US
Framework arguments:  -product org.eclipse.epp.package.java.product
Command-line arguments:  -os win32 -ws win32 -arch x86_64 -product org.eclipse.epp.package.java.product

!ENTRY org.eclipse.egit.core 1 0 2019-09-09 19:42:48.059
!MESSAGE Using Apache MINA sshd as ssh client.

!ENTRY org.eclipse.egit.ui 2 0 2019-09-09 19:42:55.128
!MESSAGE Warning: The environment variable HOME is not set. The following directory will be used to store the Git
user global configuration and to define the default location to store repositories: 'C:\Users\Tony'. If this is
not correct please set the HOME environment variable and restart Eclipse. Otherwise Git for Windows and
EGit might behave differently since they see different configuration options.
This warning can be switched off on the Team > Git > Confirmations and Warnings preference page.

!ENTRY org.eclipse.jdt.debug 2 0 2019-09-09 19:53:51.924
!MESSAGE Unable to find location of java.lang.Thread.setName() in debuggee JVM, for type java.lang.Thread

!ENTRY org.eclipse.jdt.debug 2 0 2019-09-09 19:54:22.858
!MESSAGE Unable to find location of java.lang.Thread.setName() in debuggee JVM, for type java.lang.Thread

!ENTRY org.eclipse.jdt.debug 2 0 2019-09-09 19:54:38.027
!MESSAGE Unable to find location of java.lang.Thread.setName() in debuggee JVM, for type java.lang.Thread
!SESSION 2019-09-09 20:59:02.387 -----------------------------------------------
eclipse.buildId=4.12.0.I20190605-1800
java.version=1.8.0_221
java.vendor=Oracle Corporation
BootLoader constants: OS=win32, ARCH=x86_64, WS=win32, NL=en_US
Framework arguments:  -product org.eclipse.epp.package.java.product
Command-line arguments:  -os win32 -ws win32 -arch x86_64 -product org.eclipse.epp.package.java.product

!ENTRY org.eclipse.egit.core 1 0 2019-09-09 20:59:14.548
!MESSAGE Using Apache MINA sshd as ssh client.

!ENTRY org.eclipse.egit.ui 2 0 2019-09-09 20:59:21.402
!MESSAGE Warning: The environment variable HOME is not set. The following directory will be used to store the Git
user global configuration and to define the default location to store repositories: 'C:\Users\Tony'. If this is
not correct please set the HOME environment variable and restart Eclipse. Otherwise Git for Windows and
EGit might behave differently since they see different configuration options.
This warning can be switched off on the Team > Git > Confirmations and Warnings preference page.
!SESSION 2019-09-10 14:16:32.622 -----------------------------------------------
eclipse.buildId=4.12.0.I20190605-1800
java.version=1.8.0_221
java.vendor=Oracle Corporation
BootLoader constants: OS=win32, ARCH=x86_64, WS=win32, NL=en_US
Framework arguments:  -product org.eclipse.epp.package.java.product
Command-line arguments:  -os win32 -ws win32 -arch x86_64 -product org.eclipse.epp.package.java.product

!ENTRY org.eclipse.core.resources 2 10035 2019-09-10 14:16:57.190
!MESSAGE The workspace exited with unsaved changes in the previous session; refreshing workspace to recover changes.

!ENTRY org.eclipse.egit.core 1 0 2019-09-10 14:17:43.677
!MESSAGE Using Apache MINA sshd as ssh client.

!ENTRY org.eclipse.egit.ui 2 0 2019-09-10 14:17:54.417
!MESSAGE Warning: The environment variable HOME is not set. The following directory will be used to store the Git
user global configuration and to define the default location to store repositories: 'C:\Users\Tony'. If this is
not correct please set the HOME environment variable and restart Eclipse. Otherwise Git for Windows and
EGit might behave differently since they see different configuration options.
This warning can be switched off on the Team > Git > Confirmations and Warnings preference page.
!SESSION 2019-09-10 00:28:10.866 -----------------------------------------------
eclipse.buildId=4.12.0.I20190605-1800
java.version=1.8.0_221
java.vendor=Oracle Corporation
BootLoader constants: OS=win32, ARCH=x86_64, WS=win32, NL=en_US
Framework arguments:  -product org.eclipse.epp.package.java.product
Command-line arguments:  -os win32 -ws win32 -arch x86_64 -product org.eclipse.epp.package.java.product

!ENTRY org.eclipse.core.resources 2 10035 2019-09-10 00:28:27.208
!MESSAGE The workspace exited with unsaved changes in the previous session; refreshing workspace to recover changes.

!ENTRY org.eclipse.egit.core 1 0 2019-09-10 00:29:17.004
!MESSAGE Using Apache MINA sshd as ssh client.

!ENTRY org.eclipse.egit.ui 2 0 2019-09-10 00:29:24.391
!MESSAGE Warning: The environment variable HOME is not set. The following directory will be used to store the Git
user global configuration and to define the default location to store repositories: 'C:\Users\Tony'. If this is
not correct please set the HOME environment variable and restart Eclipse. Otherwise Git for Windows and
EGit might behave differently since they see different configuration options.
This warning can be switched off on the Team > Git > Confirmations and Warnings preference page.

!ENTRY org.eclipse.jface.text 4 0 2019-09-10 21:09:21.643
!MESSAGE Unexpected runtime error while computing a text hover
!STACK 0
org.eclipse.swt.SWTException: i/o error (java.io.FileNotFoundException: C:\Users\Tony\Dropbox\Projects\Computer Science 187 Projects\.metadata\.plugins\org.eclipse.jdt.ui\jdt-images\1.png (The system cannot find the path specified))
	at org.eclipse.swt.SWT.error(SWT.java:4699)
	at org.eclipse.swt.SWT.error(SWT.java:4614)
	at org.eclipse.swt.graphics.ImageLoader.save(ImageLoader.java:266)
	at org.eclipse.jdt.internal.ui.viewsupport.ImagesOnFileSystemRegistry.getImageURL(ImagesOnFileSystemRegistry.java:107)
	at org.eclipse.jdt.internal.ui.viewsupport.ImagesOnFileSystemRegistry.getImageURL(ImagesOnFileSystemRegistry.java:88)
	at org.eclipse.jdt.internal.ui.text.java.hover.JavadocHover.getImageURL(JavadocHover.java:943)
	at org.eclipse.jdt.internal.ui.text.java.hover.JavadocHover.getImageAndLabel(JavadocHover.java:1101)
	at org.eclipse.jdt.internal.ui.text.java.hover.JavadocHover.getInfoText(JavadocHover.java:844)
	at org.eclipse.jdt.internal.ui.text.java.hover.JavadocHover.getHoverInfo(JavadocHover.java:755)
	at org.eclipse.jdt.internal.ui.text.java.hover.JavadocHover.internalGetHoverInfo(JavadocHover.java:678)
	at org.eclipse.jdt.internal.ui.text.java.hover.JavadocHover.getHoverInfo2(JavadocHover.java:670)
	at org.eclipse.jdt.internal.ui.text.java.hover.BestMatchHover.getHoverInfo2(BestMatchHover.java:167)
	at org.eclipse.jdt.internal.ui.text.java.hover.BestMatchHover.getHoverInfo2(BestMatchHover.java:133)
	at org.eclipse.jdt.internal.ui.text.java.hover.JavaEditorTextHoverProxy.getHoverInfo2(JavaEditorTextHoverProxy.java:89)
	at org.eclipse.jface.text.TextViewerHoverManager$4.run(TextViewerHoverManager.java:169)
Caused by: java.io.FileNotFoundException: C:\Users\Tony\Dropbox\Projects\Computer Science 187 Projects\.metadata\.plugins\org.eclipse.jdt.ui\jdt-images\1.png (The system cannot find the path specified)
	at java.io.FileOutputStream.open0(Native Method)
	at java.io.FileOutputStream.open(Unknown Source)
	at java.io.FileOutputStream.<init>(Unknown Source)
	at java.io.FileOutputStream.<init>(Unknown Source)
	at org.eclipse.swt.graphics.ImageLoader.save(ImageLoader.java:264)
	... 12 more
!SESSION 2019-09-10 21:10:35.948 -----------------------------------------------
eclipse.buildId=4.12.0.I20190605-1800
java.version=1.8.0_221
java.vendor=Oracle Corporation
BootLoader constants: OS=win32, ARCH=x86_64, WS=win32, NL=en_US
Framework arguments:  -product org.eclipse.epp.package.java.product
Command-line arguments:  -os win32 -ws win32 -arch x86_64 -product org.eclipse.epp.package.java.product

!ENTRY org.eclipse.egit.core 1 0 2019-09-10 21:17:47.349
!MESSAGE Using Apache MINA sshd as ssh client.

!ENTRY org.eclipse.egit.ui 2 0 2019-09-10 21:17:56.384
!MESSAGE Warning: The environment variable HOME is not set. The following directory will be used to store the Git
user global configuration and to define the default location to store repositories: 'C:\Users\Tony'. If this is
not correct please set the HOME environment variable and restart Eclipse. Otherwise Git for Windows and
EGit might behave differently since they see different configuration options.
This warning can be switched off on the Team > Git > Confirmations and Warnings preference page.
!SESSION 2019-09-10 02:55:15.694 -----------------------------------------------
eclipse.buildId=4.12.0.I20190605-1800
java.version=1.8.0_221
java.vendor=Oracle Corporation
BootLoader constants: OS=win32, ARCH=x86_64, WS=win32, NL=en_US
Framework arguments:  -product org.eclipse.epp.package.java.product
Command-line arguments:  -os win32 -ws win32 -arch x86_64 -product org.eclipse.epp.package.java.product

!ENTRY org.eclipse.egit.core 1 0 2019-09-10 02:56:31.127
!MESSAGE Using Apache MINA sshd as ssh client.

!ENTRY org.eclipse.egit.ui 2 0 2019-09-10 02:56:38.865
!MESSAGE Warning: The environment variable HOME is not set. The following directory will be used to store the Git
user global configuration and to define the default location to store repositories: 'C:\Users\Tony'. If this is
not correct please set the HOME environment variable and restart Eclipse. Otherwise Git for Windows and
EGit might behave differently since they see different configuration options.
This warning can be switched off on the Team > Git > Confirmations and Warnings preference page.

!ENTRY org.eclipse.core.resources 4 0 2019-09-10 23:27:37.887
!MESSAGE Error occurred while reading master table file
!STACK 0
java.nio.charset.UnmappableCharacterException: Input length = 1
	at java.nio.charset.CoderResult.throwException(Unknown Source)
	at sun.nio.cs.StreamDecoder.implRead(Unknown Source)
	at sun.nio.cs.StreamDecoder.read(Unknown Source)
	at java.io.InputStreamReader.read(Unknown Source)
	at java.io.BufferedReader.fill(Unknown Source)
	at java.io.BufferedReader.readLine(Unknown Source)
	at java.io.BufferedReader.readLine(Unknown Source)
	at java.nio.file.Files.readAllLines(Unknown Source)
	at org.eclipse.core.internal.resources.SaveManager.getBadSequenceNumberErrorMessage(SaveManager.java:1618)
	at org.eclipse.core.internal.resources.SaveManager.validateMasterTableBeforeSave(SaveManager.java:1599)
	at org.eclipse.core.internal.resources.SaveManager.saveMasterTable(SaveManager.java:1271)
	at org.eclipse.core.internal.resources.SaveManager.saveMasterTable(SaveManager.java:1263)
	at org.eclipse.core.internal.resources.SaveManager.save(SaveManager.java:1240)
	at org.eclipse.core.internal.resources.SaveManager.save(SaveManager.java:1151)
	at org.eclipse.core.internal.resources.DelayedSnapshotJob.run(DelayedSnapshotJob.java:55)
	at org.eclipse.core.internal.jobs.Worker.run(Worker.java:63)

!ENTRY org.eclipse.core.jobs 4 2 2019-09-10 23:27:37.894
!MESSAGE An internal error occurred during: "Periodic workspace save.".
!STACK 0
java.lang.IllegalArgumentException: Cannot set lower sequence number for root (previous: 10, new: 9). Location: C:\Users\Tony\Dropbox\Projects\Computer Science 187 Projects\.metadata\.plugins\org.eclipse.core.resources\.safetable\org.eclipse.core.resourcesTimestamps and tree sequence numbers from file:
	at org.eclipse.core.runtime.Assert.isLegal(Assert.java:66)
	at org.eclipse.core.internal.resources.SaveManager.validateMasterTableBeforeSave(SaveManager.java:1600)
	at org.eclipse.core.internal.resources.SaveManager.saveMasterTable(SaveManager.java:1271)
	at org.eclipse.core.internal.resources.SaveManager.saveMasterTable(SaveManager.java:1263)
	at org.eclipse.core.internal.resources.SaveManager.save(SaveManager.java:1240)
	at org.eclipse.core.internal.resources.SaveManager.save(SaveManager.java:1151)
	at org.eclipse.core.internal.resources.DelayedSnapshotJob.run(DelayedSnapshotJob.java:55)
	at org.eclipse.core.internal.jobs.Worker.run(Worker.java:63)

!ENTRY org.eclipse.core.resources 4 0 2019-09-10 23:41:22.573
!MESSAGE Error occurred while reading master table file
!STACK 0
java.nio.charset.UnmappableCharacterException: Input length = 1
	at java.nio.charset.CoderResult.throwException(Unknown Source)
	at sun.nio.cs.StreamDecoder.implRead(Unknown Source)
	at sun.nio.cs.StreamDecoder.read(Unknown Source)
	at java.io.InputStreamReader.read(Unknown Source)
	at java.io.BufferedReader.fill(Unknown Source)
	at java.io.BufferedReader.readLine(Unknown Source)
	at java.io.BufferedReader.readLine(Unknown Source)
	at java.nio.file.Files.readAllLines(Unknown Source)
	at org.eclipse.core.internal.resources.SaveManager.getBadSequenceNumberErrorMessage(SaveManager.java:1618)
	at org.eclipse.core.internal.resources.SaveManager.validateMasterTableBeforeSave(SaveManager.java:1599)
	at org.eclipse.core.internal.resources.SaveManager.saveMasterTable(SaveManager.java:1271)
	at org.eclipse.core.internal.resources.SaveManager.saveMasterTable(SaveManager.java:1263)
	at org.eclipse.core.internal.resources.SaveManager.save(SaveManager.java:1240)
	at org.eclipse.core.internal.resources.SaveManager.save(SaveManager.java:1151)
	at org.eclipse.core.internal.resources.DelayedSnapshotJob.run(DelayedSnapshotJob.java:55)
	at org.eclipse.core.internal.jobs.Worker.run(Worker.java:63)

!ENTRY org.eclipse.core.jobs 4 2 2019-09-10 23:41:22.579
!MESSAGE An internal error occurred during: "Periodic workspace save.".
!STACK 0
java.lang.IllegalArgumentException: Cannot set lower sequence number for root (previous: 10, new: 9). Location: C:\Users\Tony\Dropbox\Projects\Computer Science 187 Projects\.metadata\.plugins\org.eclipse.core.resources\.safetable\org.eclipse.core.resourcesTimestamps and tree sequence numbers from file:
	at org.eclipse.core.runtime.Assert.isLegal(Assert.java:66)
	at org.eclipse.core.internal.resources.SaveManager.validateMasterTableBeforeSave(SaveManager.java:1600)
	at org.eclipse.core.internal.resources.SaveManager.saveMasterTable(SaveManager.java:1271)
	at org.eclipse.core.internal.resources.SaveManager.saveMasterTable(SaveManager.java:1263)
	at org.eclipse.core.internal.resources.SaveManager.save(SaveManager.java:1240)
	at org.eclipse.core.internal.resources.SaveManager.save(SaveManager.java:1151)
	at org.eclipse.core.internal.resources.DelayedSnapshotJob.run(DelayedSnapshotJob.java:55)
	at org.eclipse.core.internal.jobs.Worker.run(Worker.java:63)

!ENTRY org.eclipse.core.resources 4 0 2019-09-10 23:46:42.030
!MESSAGE Error occurred while reading master table file
!STACK 0
java.nio.charset.UnmappableCharacterException: Input length = 1
	at java.nio.charset.CoderResult.throwException(Unknown Source)
	at sun.nio.cs.StreamDecoder.implRead(Unknown Source)
	at sun.nio.cs.StreamDecoder.read(Unknown Source)
	at java.io.InputStreamReader.read(Unknown Source)
	at java.io.BufferedReader.fill(Unknown Source)
	at java.io.BufferedReader.readLine(Unknown Source)
	at java.io.BufferedReader.readLine(Unknown Source)
	at java.nio.file.Files.readAllLines(Unknown Source)
	at org.eclipse.core.internal.resources.SaveManager.getBadSequenceNumberErrorMessage(SaveManager.java:1618)
	at org.eclipse.core.internal.resources.SaveManager.validateMasterTableBeforeSave(SaveManager.java:1599)
	at org.eclipse.core.internal.resources.SaveManager.saveMasterTable(SaveManager.java:1271)
	at org.eclipse.core.internal.resources.SaveManager.saveMasterTable(SaveManager.java:1263)
	at org.eclipse.core.internal.resources.SaveManager.save(SaveManager.java:1240)
	at org.eclipse.core.internal.resources.SaveManager.save(SaveManager.java:1151)
	at org.eclipse.core.internal.resources.DelayedSnapshotJob.run(DelayedSnapshotJob.java:55)
	at org.eclipse.core.internal.jobs.Worker.run(Worker.java:63)

!ENTRY org.eclipse.core.jobs 4 2 2019-09-10 23:46:42.037
!MESSAGE An internal error occurred during: "Periodic workspace save.".
!STACK 0
java.lang.IllegalArgumentException: Cannot set lower sequence number for root (previous: 10, new: 9). Location: C:\Users\Tony\Dropbox\Projects\Computer Science 187 Projects\.metadata\.plugins\org.eclipse.core.resources\.safetable\org.eclipse.core.resourcesTimestamps and tree sequence numbers from file:
	at org.eclipse.core.runtime.Assert.isLegal(Assert.java:66)
	at org.eclipse.core.internal.resources.SaveManager.validateMasterTableBeforeSave(SaveManager.java:1600)
	at org.eclipse.core.internal.resources.SaveManager.saveMasterTable(SaveManager.java:1271)
	at org.eclipse.core.internal.resources.SaveManager.saveMasterTable(SaveManager.java:1263)
	at org.eclipse.core.internal.resources.SaveManager.save(SaveManager.java:1240)
	at org.eclipse.core.internal.resources.SaveManager.save(SaveManager.java:1151)
	at org.eclipse.core.internal.resources.DelayedSnapshotJob.run(DelayedSnapshotJob.java:55)
	at org.eclipse.core.internal.jobs.Worker.run(Worker.java:63)

!ENTRY org.eclipse.core.resources 4 0 2019-09-10 23:54:10.410
!MESSAGE Error occurred while reading master table file
!STACK 0
java.nio.charset.UnmappableCharacterException: Input length = 1
	at java.nio.charset.CoderResult.throwException(Unknown Source)
	at sun.nio.cs.StreamDecoder.implRead(Unknown Source)
	at sun.nio.cs.StreamDecoder.read(Unknown Source)
	at java.io.InputStreamReader.read(Unknown Source)
	at java.io.BufferedReader.fill(Unknown Source)
	at java.io.BufferedReader.readLine(Unknown Source)
	at java.io.BufferedReader.readLine(Unknown Source)
	at java.nio.file.Files.readAllLines(Unknown Source)
	at org.eclipse.core.internal.resources.SaveManager.getBadSequenceNumberErrorMessage(SaveManager.java:1618)
	at org.eclipse.core.internal.resources.SaveManager.validateMasterTableBeforeSave(SaveManager.java:1599)
	at org.eclipse.core.internal.resources.SaveManager.saveMasterTable(SaveManager.java:1271)
	at org.eclipse.core.internal.resources.SaveManager.saveMasterTable(SaveManager.java:1263)
	at org.eclipse.core.internal.resources.SaveManager.save(SaveManager.java:1240)
	at org.eclipse.core.internal.resources.SaveManager.save(SaveManager.java:1151)
	at org.eclipse.core.internal.resources.DelayedSnapshotJob.run(DelayedSnapshotJob.java:55)
	at org.eclipse.core.internal.jobs.Worker.run(Worker.java:63)

!ENTRY org.eclipse.core.jobs 4 2 2019-09-10 23:54:10.416
!MESSAGE An internal error occurred during: "Periodic workspace save.".
!STACK 0
java.lang.IllegalArgumentException: Cannot set lower sequence number for root (previous: 10, new: 9). Location: C:\Users\Tony\Dropbox\Projects\Computer Science 187 Projects\.metadata\.plugins\org.eclipse.core.resources\.safetable\org.eclipse.core.resourcesTimestamps and tree sequence numbers from file:
	at org.eclipse.core.runtime.Assert.isLegal(Assert.java:66)
	at org.eclipse.core.internal.resources.SaveManager.validateMasterTableBeforeSave(SaveManager.java:1600)
	at org.eclipse.core.internal.resources.SaveManager.saveMasterTable(SaveManager.java:1271)
	at org.eclipse.core.internal.resources.SaveManager.saveMasterTable(SaveManager.java:1263)
	at org.eclipse.core.internal.resources.SaveManager.save(SaveManager.java:1240)
	at org.eclipse.core.internal.resources.SaveManager.save(SaveManager.java:1151)
	at org.eclipse.core.internal.resources.DelayedSnapshotJob.run(DelayedSnapshotJob.java:55)
	at org.eclipse.core.internal.jobs.Worker.run(Worker.java:63)

!ENTRY org.eclipse.core.resources 4 0 2019-09-10 23:59:50.154
!MESSAGE Error occurred while reading master table file
!STACK 0
java.nio.charset.UnmappableCharacterException: Input length = 1
	at java.nio.charset.CoderResult.throwException(Unknown Source)
	at sun.nio.cs.StreamDecoder.implRead(Unknown Source)
	at sun.nio.cs.StreamDecoder.read(Unknown Source)
	at java.io.InputStreamReader.read(Unknown Source)
	at java.io.BufferedReader.fill(Unknown Source)
	at java.io.BufferedReader.readLine(Unknown Source)
	at java.io.BufferedReader.readLine(Unknown Source)
	at java.nio.file.Files.readAllLines(Unknown Source)
	at org.eclipse.core.internal.resources.SaveManager.getBadSequenceNumberErrorMessage(SaveManager.java:1618)
	at org.eclipse.core.internal.resources.SaveManager.validateMasterTableBeforeSave(SaveManager.java:1599)
	at org.eclipse.core.internal.resources.SaveManager.saveMasterTable(SaveManager.java:1271)
	at org.eclipse.core.internal.resources.SaveManager.saveMasterTable(SaveManager.java:1263)
	at org.eclipse.core.internal.resources.SaveManager.save(SaveManager.java:1240)
	at org.eclipse.core.internal.resources.SaveManager.save(SaveManager.java:1151)
	at org.eclipse.core.internal.resources.DelayedSnapshotJob.run(DelayedSnapshotJob.java:55)
	at org.eclipse.core.internal.jobs.Worker.run(Worker.java:63)

!ENTRY org.eclipse.core.jobs 4 2 2019-09-10 23:59:50.161
!MESSAGE An internal error occurred during: "Periodic workspace save.".
!STACK 0
java.lang.IllegalArgumentException: Cannot set lower sequence number for root (previous: 10, new: 9). Location: C:\Users\Tony\Dropbox\Projects\Computer Science 187 Projects\.metadata\.plugins\org.eclipse.core.resources\.safetable\org.eclipse.core.resourcesTimestamps and tree sequence numbers from file:
	at org.eclipse.core.runtime.Assert.isLegal(Assert.java:66)
	at org.eclipse.core.internal.resources.SaveManager.validateMasterTableBeforeSave(SaveManager.java:1600)
	at org.eclipse.core.internal.resources.SaveManager.saveMasterTable(SaveManager.java:1271)
	at org.eclipse.core.internal.resources.SaveManager.saveMasterTable(SaveManager.java:1263)
	at org.eclipse.core.internal.resources.SaveManager.save(SaveManager.java:1240)
	at org.eclipse.core.internal.resources.SaveManager.save(SaveManager.java:1151)
	at org.eclipse.core.internal.resources.DelayedSnapshotJob.run(DelayedSnapshotJob.java:55)
	at org.eclipse.core.internal.jobs.Worker.run(Worker.java:63)

!ENTRY org.eclipse.core.resources 4 0 2019-09-11 00:06:10.886
!MESSAGE Error occurred while reading master table file
!STACK 0
java.nio.charset.UnmappableCharacterException: Input length = 1
	at java.nio.charset.CoderResult.throwException(Unknown Source)
	at sun.nio.cs.StreamDecoder.implRead(Unknown Source)
	at sun.nio.cs.StreamDecoder.read(Unknown Source)
	at java.io.InputStreamReader.read(Unknown Source)
	at java.io.BufferedReader.fill(Unknown Source)
	at java.io.BufferedReader.readLine(Unknown Source)
	at java.io.BufferedReader.readLine(Unknown Source)
	at java.nio.file.Files.readAllLines(Unknown Source)
	at org.eclipse.core.internal.resources.SaveManager.getBadSequenceNumberErrorMessage(SaveManager.java:1618)
	at org.eclipse.core.internal.resources.SaveManager.validateMasterTableBeforeSave(SaveManager.java:1599)
	at org.eclipse.core.internal.resources.SaveManager.saveMasterTable(SaveManager.java:1271)
	at org.eclipse.core.internal.resources.SaveManager.saveMasterTable(SaveManager.java:1263)
	at org.eclipse.core.internal.resources.SaveManager.save(SaveManager.java:1240)
	at org.eclipse.core.internal.resources.SaveManager.save(SaveManager.java:1151)
	at org.eclipse.core.internal.resources.DelayedSnapshotJob.run(DelayedSnapshotJob.java:55)
	at org.eclipse.core.internal.jobs.Worker.run(Worker.java:63)

!ENTRY org.eclipse.core.jobs 4 2 2019-09-11 00:06:10.893
!MESSAGE An internal error occurred during: "Periodic workspace save.".
!STACK 0
java.lang.IllegalArgumentException: Cannot set lower sequence number for root (previous: 10, new: 9). Location: C:\Users\Tony\Dropbox\Projects\Computer Science 187 Projects\.metadata\.plugins\org.eclipse.core.resources\.safetable\org.eclipse.core.resourcesTimestamps and tree sequence numbers from file:
	at org.eclipse.core.runtime.Assert.isLegal(Assert.java:66)
	at org.eclipse.core.internal.resources.SaveManager.validateMasterTableBeforeSave(SaveManager.java:1600)
	at org.eclipse.core.internal.resources.SaveManager.saveMasterTable(SaveManager.java:1271)
	at org.eclipse.core.internal.resources.SaveManager.saveMasterTable(SaveManager.java:1263)
	at org.eclipse.core.internal.resources.SaveManager.save(SaveManager.java:1240)
	at org.eclipse.core.internal.resources.SaveManager.save(SaveManager.java:1151)
	at org.eclipse.core.internal.resources.DelayedSnapshotJob.run(DelayedSnapshotJob.java:55)
	at org.eclipse.core.internal.jobs.Worker.run(Worker.java:63)
!SESSION 2019-09-11 00:06:49.990 -----------------------------------------------
eclipse.buildId=4.12.0.I20190605-1800
java.version=1.8.0_221
java.vendor=Oracle Corporation
BootLoader constants: OS=win32, ARCH=x86_64, WS=win32, NL=en_US
Framework arguments:  -product org.eclipse.epp.package.java.product
Command-line arguments:  -os win32 -ws win32 -arch x86_64 -product org.eclipse.epp.package.java.product

!ENTRY org.eclipse.egit.core 1 0 2019-09-11 00:07:53.989
!MESSAGE Using Apache MINA sshd as ssh client.

!ENTRY org.eclipse.egit.ui 2 0 2019-09-11 00:08:00.998
!MESSAGE Warning: The environment variable HOME is not set. The following directory will be used to store the Git
user global configuration and to define the default location to store repositories: 'C:\Users\Tony'. If this is
not correct please set the HOME environment variable and restart Eclipse. Otherwise Git for Windows and
EGit might behave differently since they see different configuration options.
This warning can be switched off on the Team > Git > Confirmations and Warnings preference page.
!SESSION 2019-09-11 09:12:58.871 -----------------------------------------------
eclipse.buildId=4.12.0.I20190605-1800
java.version=1.8.0_221
java.vendor=Oracle Corporation
BootLoader constants: OS=win32, ARCH=x86_64, WS=win32, NL=en_US
Framework arguments:  -product org.eclipse.epp.package.java.product
Command-line arguments:  -os win32 -ws win32 -arch x86_64 -product org.eclipse.epp.package.java.product

!ENTRY org.eclipse.egit.core 1 0 2019-09-11 11:42:30.889
!MESSAGE Using Apache MINA sshd as ssh client.

!ENTRY org.eclipse.egit.ui 2 0 2019-09-11 11:42:44.891
!MESSAGE Warning: The environment variable HOME is not set. The following directory will be used to store the Git
user global configuration and to define the default location to store repositories: 'C:\Users\Tony'. If this is
not correct please set the HOME environment variable and restart Eclipse. Otherwise Git for Windows and
EGit might behave differently since they see different configuration options.
This warning can be switched off on the Team > Git > Confirmations and Warnings preference page.

!ENTRY com.genuitec.eclipse.theming.ui 4 0 2019-09-12 14:41:46.041
!MESSAGE www.genuitec.com
!STACK 0
java.net.UnknownHostException: www.genuitec.com
	at java.net.AbstractPlainSocketImpl.connect(Unknown Source)
	at java.net.PlainSocketImpl.connect(Unknown Source)
	at java.net.SocksSocketImpl.connect(Unknown Source)
	at java.net.Socket.connect(Unknown Source)
	at sun.security.ssl.SSLSocketImpl.connect(Unknown Source)
	at sun.security.ssl.BaseSSLSocketImpl.connect(Unknown Source)
	at sun.net.NetworkClient.doConnect(Unknown Source)
	at sun.net.www.http.HttpClient.openServer(Unknown Source)
	at sun.net.www.http.HttpClient.openServer(Unknown Source)
	at sun.net.www.protocol.https.HttpsClient.<init>(Unknown Source)
	at sun.net.www.protocol.https.HttpsClient.New(Unknown Source)
	at sun.net.www.protocol.https.AbstractDelegateHttpsURLConnection.getNewHttpClient(Unknown Source)
	at sun.net.www.protocol.http.HttpURLConnection.plainConnect0(Unknown Source)
	at sun.net.www.protocol.http.HttpURLConnection.plainConnect(Unknown Source)
	at sun.net.www.protocol.https.AbstractDelegateHttpsURLConnection.connect(Unknown Source)
	at sun.net.www.protocol.http.HttpURLConnection.getInputStream0(Unknown Source)
	at sun.net.www.protocol.http.HttpURLConnection.getInputStream(Unknown Source)
	at java.net.HttpURLConnection.getResponseCode(Unknown Source)
	at sun.net.www.protocol.https.HttpsURLConnectionImpl.getResponseCode(Unknown Source)
	at com.genuitec.eclipse.theming.ui.IconDownloaderJob.getApprovedDefinitions(IconDownloaderJob.java:86)
	at com.genuitec.eclipse.theming.ui.IconDownloaderJob.run(IconDownloaderJob.java:52)
	at org.eclipse.core.internal.jobs.Worker.run(Worker.java:63)
